{"/home/travis/build/npmtest/node-npmtest-vimeo/test.js":{"path":"/home/travis/build/npmtest/node-npmtest-vimeo/test.js","s":{"1":2,"2":2,"3":2,"4":2,"5":2,"6":2,"7":2,"8":1,"9":2,"10":2,"11":1,"12":1,"13":1,"14":1,"15":2,"16":2,"17":2,"18":2,"19":1,"20":1,"21":2,"22":2,"23":2,"24":1,"25":1,"26":1,"27":1,"28":1,"29":1,"30":1,"31":1,"32":1,"33":1,"34":1,"35":1,"36":1,"37":1,"38":1,"39":2,"40":2,"41":1,"42":2,"43":2,"44":1,"45":2,"46":2,"47":1,"48":2,"49":2,"50":1,"51":1,"52":1,"53":1,"54":1},"b":{"1":[2,1,1,1],"2":[1,1,1,1],"3":[1,1],"4":[1,1],"5":[1,1],"6":[1,1],"7":[1,1],"8":[1,1],"9":[1,1],"10":[1,1,1],"11":[1,1],"12":[1,1],"13":[1,1],"14":[1,1],"15":[1,1],"16":[1,1],"17":[1,1]},"f":{"1":2,"2":2,"3":2,"4":2,"5":2,"6":1,"7":1,"8":1,"9":2,"10":2,"11":2,"12":2,"13":1},"fnMap":{"1":{"name":"(anonymous_1)","line":12,"loc":{"start":{"line":12,"column":1},"end":{"line":12,"column":13}}},"2":{"name":"(anonymous_2)","line":19,"loc":{"start":{"line":19,"column":5},"end":{"line":19,"column":17}}},"3":{"name":"(anonymous_3)","line":23,"loc":{"start":{"line":23,"column":24},"end":{"line":23,"column":36}}},"4":{"name":"(anonymous_4)","line":61,"loc":{"start":{"line":61,"column":5},"end":{"line":61,"column":17}}},"5":{"name":"(anonymous_5)","line":82,"loc":{"start":{"line":82,"column":5},"end":{"line":82,"column":17}}},"6":{"name":"(anonymous_6)","line":91,"loc":{"start":{"line":91,"column":77},"end":{"line":94,"column":10}}},"7":{"name":"(anonymous_7)","line":112,"loc":{"start":{"line":112,"column":83},"end":{"line":115,"column":10}},"skip":true},"8":{"name":"(anonymous_8)","line":123,"loc":{"start":{"line":123,"column":77},"end":{"line":126,"column":10}},"skip":true},"9":{"name":"(anonymous_9)","line":139,"loc":{"start":{"line":139,"column":12},"end":{"line":139,"column":40}},"skip":true},"10":{"name":"(anonymous_10)","line":147,"loc":{"start":{"line":147,"column":77},"end":{"line":150,"column":10}},"skip":true},"11":{"name":"(anonymous_11)","line":158,"loc":{"start":{"line":158,"column":83},"end":{"line":161,"column":10}},"skip":true},"12":{"name":"(anonymous_12)","line":169,"loc":{"start":{"line":169,"column":79},"end":{"line":172,"column":10}},"skip":true},"13":{"name":"(anonymous_13)","line":180,"loc":{"start":{"line":180,"column":75},"end":{"line":183,"column":10}},"skip":true}},"statementMap":{"1":{"start":{"line":12,"column":0},"end":{"line":195,"column":5}},"2":{"start":{"line":14,"column":4},"end":{"line":14,"column":14}},"3":{"start":{"line":19,"column":4},"end":{"line":56,"column":9}},"4":{"start":{"line":21,"column":8},"end":{"line":21,"column":19}},"5":{"start":{"line":23,"column":8},"end":{"line":35,"column":13}},"6":{"start":{"line":24,"column":12},"end":{"line":34,"column":13}},"7":{"start":{"line":25,"column":16},"end":{"line":28,"column":30}},"8":{"start":{"line":30,"column":16},"end":{"line":33,"column":27}},"9":{"start":{"line":37,"column":8},"end":{"line":39,"column":21}},"10":{"start":{"line":40,"column":8},"end":{"line":53,"column":9}},"11":{"start":{"line":43,"column":12},"end":{"line":46,"column":14}},"12":{"start":{"line":47,"column":12},"end":{"line":47,"column":18}},"13":{"start":{"line":50,"column":12},"end":{"line":51,"column":33}},"14":{"start":{"line":52,"column":12},"end":{"line":52,"column":18}},"15":{"start":{"line":55,"column":8},"end":{"line":55,"column":35}},"16":{"start":{"line":61,"column":4},"end":{"line":63,"column":9}},"17":{"start":{"line":62,"column":8},"end":{"line":62,"column":15}},"18":{"start":{"line":64,"column":4},"end":{"line":77,"column":5}},"19":{"start":{"line":70,"column":8},"end":{"line":70,"column":14}},"20":{"start":{"line":76,"column":8},"end":{"line":76,"column":14}},"21":{"start":{"line":82,"column":4},"end":{"line":84,"column":9}},"22":{"start":{"line":83,"column":8},"end":{"line":83,"column":15}},"23":{"start":{"line":85,"column":4},"end":{"line":194,"column":5}},"24":{"start":{"line":91,"column":8},"end":{"line":99,"column":10}},"25":{"start":{"line":98,"column":12},"end":{"line":98,"column":35}},"26":{"start":{"line":102,"column":8},"end":{"line":104,"column":63}},"27":{"start":{"line":105,"column":8},"end":{"line":105,"column":14}},"28":{"start":{"line":112,"column":8},"end":{"line":121,"column":10},"skip":true},"29":{"start":{"line":119,"column":12},"end":{"line":119,"column":55},"skip":true},"30":{"start":{"line":120,"column":12},"end":{"line":120,"column":48},"skip":true},"31":{"start":{"line":123,"column":8},"end":{"line":136,"column":10},"skip":true},"32":{"start":{"line":130,"column":12},"end":{"line":130,"column":76},"skip":true},"33":{"start":{"line":131,"column":12},"end":{"line":131,"column":73},"skip":true},"34":{"start":{"line":132,"column":12},"end":{"line":132,"column":74},"skip":true},"35":{"start":{"line":133,"column":12},"end":{"line":133,"column":79},"skip":true},"36":{"start":{"line":134,"column":12},"end":{"line":134,"column":25},"skip":true},"37":{"start":{"line":135,"column":12},"end":{"line":135,"column":45},"skip":true},"38":{"start":{"line":138,"column":8},"end":{"line":145,"column":14},"skip":true},"39":{"start":{"line":143,"column":16},"end":{"line":143,"column":29},"skip":true},"40":{"start":{"line":144,"column":16},"end":{"line":144,"column":55},"skip":true},"41":{"start":{"line":147,"column":8},"end":{"line":156,"column":10},"skip":true},"42":{"start":{"line":154,"column":12},"end":{"line":154,"column":25},"skip":true},"43":{"start":{"line":155,"column":12},"end":{"line":155,"column":45},"skip":true},"44":{"start":{"line":158,"column":8},"end":{"line":167,"column":10},"skip":true},"45":{"start":{"line":165,"column":12},"end":{"line":165,"column":25},"skip":true},"46":{"start":{"line":166,"column":12},"end":{"line":166,"column":48},"skip":true},"47":{"start":{"line":169,"column":8},"end":{"line":178,"column":10},"skip":true},"48":{"start":{"line":176,"column":12},"end":{"line":176,"column":25},"skip":true},"49":{"start":{"line":177,"column":12},"end":{"line":177,"column":46},"skip":true},"50":{"start":{"line":180,"column":8},"end":{"line":189,"column":10},"skip":true},"51":{"start":{"line":187,"column":12},"end":{"line":187,"column":94},"skip":true},"52":{"start":{"line":188,"column":12},"end":{"line":188,"column":48},"skip":true},"53":{"start":{"line":192,"column":8},"end":{"line":192,"column":35},"skip":true},"54":{"start":{"line":193,"column":8},"end":{"line":193,"column":14},"skip":true}},"branchMap":{"1":{"line":25,"type":"binary-expr","locations":[{"start":{"line":25,"column":23},"end":{"line":25,"column":62}},{"start":{"line":26,"column":20},"end":{"line":26,"column":70}},{"start":{"line":27,"column":20},"end":{"line":27,"column":71}},{"start":{"line":28,"column":20},"end":{"line":28,"column":29}}]},"2":{"line":30,"type":"binary-expr","locations":[{"start":{"line":30,"column":23},"end":{"line":30,"column":37}},{"start":{"line":31,"column":20},"end":{"line":31,"column":61}},{"start":{"line":32,"column":20},"end":{"line":32,"column":70}},{"start":{"line":33,"column":20},"end":{"line":33,"column":26}}]},"3":{"line":37,"type":"cond-expr","locations":[{"start":{"line":38,"column":14},"end":{"line":38,"column":20}},{"start":{"line":39,"column":14},"end":{"line":39,"column":20}}]},"4":{"line":40,"type":"switch","locations":[{"start":{"line":42,"column":8},"end":{"line":47,"column":18}},{"start":{"line":49,"column":8},"end":{"line":52,"column":18}}]},"5":{"line":44,"type":"binary-expr","locations":[{"start":{"line":44,"column":16},"end":{"line":44,"column":44}},{"start":{"line":44,"column":48},"end":{"line":44,"column":66}}]},"6":{"line":50,"type":"binary-expr","locations":[{"start":{"line":50,"column":21},"end":{"line":50,"column":49}},{"start":{"line":50,"column":53},"end":{"line":50,"column":72}}]},"7":{"line":64,"type":"switch","locations":[{"start":{"line":69,"column":4},"end":{"line":70,"column":14}},{"start":{"line":75,"column":4},"end":{"line":76,"column":14}}]},"8":{"line":85,"type":"switch","locations":[{"start":{"line":90,"column":4},"end":{"line":105,"column":14}},{"start":{"line":111,"column":4},"end":{"line":193,"column":14},"skip":true}]},"9":{"line":91,"type":"binary-expr","locations":[{"start":{"line":91,"column":42},"end":{"line":91,"column":73}},{"start":{"line":91,"column":77},"end":{"line":99,"column":9}}]},"10":{"line":102,"type":"binary-expr","locations":[{"start":{"line":102,"column":18},"end":{"line":102,"column":32}},{"start":{"line":103,"column":12},"end":{"line":103,"column":53}},{"start":{"line":104,"column":12},"end":{"line":104,"column":61}}]},"11":{"line":112,"type":"binary-expr","locations":[{"start":{"line":112,"column":45},"end":{"line":112,"column":79},"skip":true},{"start":{"line":112,"column":83},"end":{"line":121,"column":9},"skip":true}]},"12":{"line":123,"type":"binary-expr","locations":[{"start":{"line":123,"column":42},"end":{"line":123,"column":73},"skip":true},{"start":{"line":123,"column":77},"end":{"line":136,"column":9},"skip":true}]},"13":{"line":138,"type":"binary-expr","locations":[{"start":{"line":138,"column":48},"end":{"line":138,"column":85},"skip":true},{"start":{"line":139,"column":12},"end":{"line":145,"column":13},"skip":true}]},"14":{"line":147,"type":"binary-expr","locations":[{"start":{"line":147,"column":42},"end":{"line":147,"column":73},"skip":true},{"start":{"line":147,"column":77},"end":{"line":156,"column":9},"skip":true}]},"15":{"line":158,"type":"binary-expr","locations":[{"start":{"line":158,"column":45},"end":{"line":158,"column":79},"skip":true},{"start":{"line":158,"column":83},"end":{"line":167,"column":9},"skip":true}]},"16":{"line":169,"type":"binary-expr","locations":[{"start":{"line":169,"column":43},"end":{"line":169,"column":75},"skip":true},{"start":{"line":169,"column":79},"end":{"line":178,"column":9},"skip":true}]},"17":{"line":180,"type":"binary-expr","locations":[{"start":{"line":180,"column":41},"end":{"line":180,"column":71},"skip":true},{"start":{"line":180,"column":75},"end":{"line":189,"column":9},"skip":true}]}},"code":["/* istanbul instrument in package npmtest_vimeo */","/*jslint","    bitwise: true,","    browser: true,","    maxerr: 8,","    maxlen: 96,","    node: true,","    nomen: true,","    regexp: true,","    stupid: true","*/","(function () {","    'use strict';","    var local;","","","","    // run shared js-env code - pre-init","    (function () {","        // init local","        local = {};","        // init modeJs","        local.modeJs = (function () {","            try {","                return typeof navigator.userAgent === 'string' &&","                    typeof document.querySelector('body') === 'object' &&","                    typeof XMLHttpRequest.prototype.open === 'function' &&","                    'browser';","            } catch (errorCaughtBrowser) {","                return module.exports &&","                    typeof process.versions.node === 'string' &&","                    typeof require('http').createServer === 'function' &&","                    'node';","            }","        }());","        // init global","        local.global = local.modeJs === 'browser'","            ? window","            : global;","        switch (local.modeJs) {","        // re-init local from window.local","        case 'browser':","            local = local.global.utility2.objectSetDefault(","                local.global.utility2_rollup || local.global.local,","                local.global.utility2","            );","            break;","        // re-init local from example.js","        case 'node':","            local = (local.global.utility2_rollup || require('utility2'))","                .requireReadme();","            break;","        }","        // export local","        local.global.local = local;","    }());","","","","    // run shared js-env code - function","    (function () {","        return;","    }());","    switch (local.modeJs) {","","","","    // run browser js-env code - function","    case 'browser':","        break;","","","","    // run node js-env code - function","    case 'node':","        break;","    }","","","","    // run shared js-env code - post-init","    (function () {","        return;","    }());","    switch (local.modeJs) {","","","","    // run browser js-env code - post-init","    case 'browser':","        local.testCase_browser_nullCase = local.testCase_browser_nullCase || function (","            options,","            onError","        ) {","        /*","         * this function will test browsers's null-case handling-behavior-behavior","         */","            onError(null, options);","        };","","        // run tests","        local.nop(local.modeTest &&","            document.querySelector('#testRunButton1') &&","            document.querySelector('#testRunButton1').click());","        break;","","","","    // run node js-env code - post-init","    /* istanbul ignore next */","    case 'node':","        local.testCase_buildApidoc_default = local.testCase_buildApidoc_default || function (","            options,","            onError","        ) {","        /*","         * this function will test buildApidoc's default handling-behavior-behavior","         */","            options = { modulePathList: module.paths };","            local.buildApidoc(options, onError);","        };","","        local.testCase_buildApp_default = local.testCase_buildApp_default || function (","            options,","            onError","        ) {","        /*","         * this function will test buildApp's default handling-behavior-behavior","         */","            local.testCase_buildReadme_default(options, local.onErrorThrow);","            local.testCase_buildLib_default(options, local.onErrorThrow);","            local.testCase_buildTest_default(options, local.onErrorThrow);","            local.testCase_buildCustomOrg_default(options, local.onErrorThrow);","            options = [];","            local.buildApp(options, onError);","        };","","        local.testCase_buildCustomOrg_default = local.testCase_buildCustomOrg_default ||","            function (options, onError) {","            /*","             * this function will test buildCustomOrg's default handling-behavior","             */","                options = {};","                local.buildCustomOrg(options, onError);","            };","","        local.testCase_buildLib_default = local.testCase_buildLib_default || function (","            options,","            onError","        ) {","        /*","         * this function will test buildLib's default handling-behavior","         */","            options = {};","            local.buildLib(options, onError);","        };","","        local.testCase_buildReadme_default = local.testCase_buildReadme_default || function (","            options,","            onError","        ) {","        /*","         * this function will test buildReadme's default handling-behavior-behavior","         */","            options = {};","            local.buildReadme(options, onError);","        };","","        local.testCase_buildTest_default = local.testCase_buildTest_default || function (","            options,","            onError","        ) {","        /*","         * this function will test buildTest's default handling-behavior","         */","            options = {};","            local.buildTest(options, onError);","        };","","        local.testCase_webpage_default = local.testCase_webpage_default || function (","            options,","            onError","        ) {","        /*","         * this function will test webpage's default handling-behavior","         */","            options = { modeCoverageMerge: true, url: local.serverLocalHost + '?modeTest=1' };","            local.browserTest(options, onError);","        };","","        // run test-server","        local.testRunServer(local);","        break;","    }","}());",""],"l":{"12":2,"14":2,"19":2,"21":2,"23":2,"24":2,"25":2,"30":1,"37":2,"40":2,"43":1,"47":1,"50":1,"52":1,"55":2,"61":2,"62":2,"64":2,"70":1,"76":1,"82":2,"83":2,"85":2,"91":1,"98":1,"102":1,"105":1,"112":1,"119":1,"120":1,"123":1,"130":1,"131":1,"132":1,"133":1,"134":1,"135":1,"138":1,"143":2,"144":2,"147":1,"154":2,"155":2,"158":1,"165":2,"166":2,"169":1,"176":2,"177":2,"180":1,"187":1,"188":1,"192":1,"193":1}},"/home/travis/build/npmtest/node-npmtest-vimeo/lib.npmtest_vimeo.js":{"path":"/home/travis/build/npmtest/node-npmtest-vimeo/lib.npmtest_vimeo.js","s":{"1":2,"2":2,"3":2,"4":2,"5":2,"6":2,"7":2,"8":1,"9":2,"10":2,"11":2,"12":2,"13":1,"14":1,"15":1,"16":1},"b":{"1":[2,1,1,1],"2":[1,1,1,1],"3":[1,1],"4":[2,2],"5":[1,1]},"f":{"1":2,"2":2,"3":2},"fnMap":{"1":{"name":"(anonymous_1)","line":12,"loc":{"start":{"line":12,"column":1},"end":{"line":12,"column":13}}},"2":{"name":"(anonymous_2)","line":19,"loc":{"start":{"line":19,"column":5},"end":{"line":19,"column":17}}},"3":{"name":"(anonymous_3)","line":23,"loc":{"start":{"line":23,"column":24},"end":{"line":23,"column":36}}}},"statementMap":{"1":{"start":{"line":12,"column":0},"end":{"line":53,"column":5}},"2":{"start":{"line":14,"column":4},"end":{"line":14,"column":14}},"3":{"start":{"line":19,"column":4},"end":{"line":52,"column":9}},"4":{"start":{"line":21,"column":8},"end":{"line":21,"column":19}},"5":{"start":{"line":23,"column":8},"end":{"line":35,"column":13}},"6":{"start":{"line":24,"column":12},"end":{"line":34,"column":13}},"7":{"start":{"line":25,"column":16},"end":{"line":28,"column":30}},"8":{"start":{"line":30,"column":16},"end":{"line":33,"column":27}},"9":{"start":{"line":37,"column":8},"end":{"line":39,"column":21}},"10":{"start":{"line":41,"column":8},"end":{"line":41,"column":54}},"11":{"start":{"line":43,"column":8},"end":{"line":43,"column":50}},"12":{"start":{"line":45,"column":8},"end":{"line":51,"column":9}},"13":{"start":{"line":46,"column":12},"end":{"line":46,"column":56}},"14":{"start":{"line":48,"column":12},"end":{"line":48,"column":35}},"15":{"start":{"line":49,"column":12},"end":{"line":49,"column":49}},"16":{"start":{"line":50,"column":12},"end":{"line":50,"column":43}}},"branchMap":{"1":{"line":25,"type":"binary-expr","locations":[{"start":{"line":25,"column":23},"end":{"line":25,"column":62}},{"start":{"line":26,"column":20},"end":{"line":26,"column":70}},{"start":{"line":27,"column":20},"end":{"line":27,"column":71}},{"start":{"line":28,"column":20},"end":{"line":28,"column":29}}]},"2":{"line":30,"type":"binary-expr","locations":[{"start":{"line":30,"column":23},"end":{"line":30,"column":37}},{"start":{"line":31,"column":20},"end":{"line":31,"column":61}},{"start":{"line":32,"column":20},"end":{"line":32,"column":70}},{"start":{"line":33,"column":20},"end":{"line":33,"column":26}}]},"3":{"line":37,"type":"cond-expr","locations":[{"start":{"line":38,"column":14},"end":{"line":38,"column":20}},{"start":{"line":39,"column":14},"end":{"line":39,"column":20}}]},"4":{"line":41,"type":"binary-expr","locations":[{"start":{"line":41,"column":16},"end":{"line":41,"column":44}},{"start":{"line":41,"column":48},"end":{"line":41,"column":53}}]},"5":{"line":45,"type":"if","locations":[{"start":{"line":45,"column":8},"end":{"line":45,"column":8}},{"start":{"line":45,"column":8},"end":{"line":45,"column":8}}]}},"code":["/* istanbul instrument in package npmtest_vimeo */","/*jslint","    bitwise: true,","    browser: true,","    maxerr: 8,","    maxlen: 96,","    node: true,","    nomen: true,","    regexp: true,","    stupid: true","*/","(function () {","    'use strict';","    var local;","","","","    // run shared js-env code - pre-init","    (function () {","        // init local","        local = {};","        // init modeJs","        local.modeJs = (function () {","            try {","                return typeof navigator.userAgent === 'string' &&","                    typeof document.querySelector('body') === 'object' &&","                    typeof XMLHttpRequest.prototype.open === 'function' &&","                    'browser';","            } catch (errorCaughtBrowser) {","                return module.exports &&","                    typeof process.versions.node === 'string' &&","                    typeof require('http').createServer === 'function' &&","                    'node';","            }","        }());","        // init global","        local.global = local.modeJs === 'browser'","            ? window","            : global;","        // init utility2_rollup","        local = local.global.utility2_rollup || local;","        // init lib","        local.local = local.npmtest_vimeo = local;","        // init exports","        if (local.modeJs === 'browser') {","            local.global.utility2_npmtest_vimeo = local;","        } else {","            module.exports = local;","            module.exports.__dirname = __dirname;","            module.exports.module = module;","        }","    }());","}());",""],"l":{"12":2,"14":2,"19":2,"21":2,"23":2,"24":2,"25":2,"30":1,"37":2,"41":2,"43":2,"45":2,"46":1,"48":1,"49":1,"50":1}},"/home/travis/build/npmtest/node-npmtest-vimeo/example.js":{"path":"/home/travis/build/npmtest/node-npmtest-vimeo/example.js","s":{"1":2,"2":2,"3":2,"4":2,"5":2,"6":2,"7":2,"8":1,"9":2,"10":2,"11":2,"12":2,"13":1,"14":2,"15":2,"16":2,"17":2,"18":2,"19":0,"20":2,"21":1,"22":1,"23":1,"24":1,"25":1,"26":0,"27":0,"28":1,"29":1,"30":2,"31":0,"32":0,"33":0,"34":1,"35":2,"36":2,"37":3,"38":3,"39":3,"40":3,"41":0,"42":3,"43":3,"44":3,"45":1,"46":3,"47":1,"48":1,"49":1,"50":1,"51":1,"52":1,"53":1,"54":1,"55":1,"56":1,"57":0,"58":1,"59":6,"60":6,"61":1,"62":2,"63":0,"64":2,"65":1,"66":1,"67":0,"68":0,"69":0,"70":0,"71":0,"72":0,"73":0,"74":0,"75":0,"76":0,"77":0,"78":0,"79":0,"80":0,"81":0,"82":0,"83":0},"b":{"1":[2,1,1,1],"2":[1,1,1,1],"3":[1,1],"4":[2,2],"5":[1,1],"6":[1,1],"7":[2,0],"8":[2,1,1,1,1,1],"9":[0,2,0],"10":[1,1],"11":[2,1,1],"12":[1,0],"13":[0,2],"14":[2,0,0,0,0,0,0],"15":[0,3],"16":[3,0],"17":[1,1],"18":[0,1],"19":[1,2,0,2],"20":[1,0],"21":[1,1],"22":[0,0],"23":[0,0],"24":[0,0],"25":[0,0],"26":[0,0],"27":[0,0],"28":[0,0]},"f":{"1":2,"2":2,"3":2,"4":2,"5":2,"6":2,"7":3,"8":3,"9":3,"10":1,"11":6,"12":0},"fnMap":{"1":{"name":"(anonymous_1)","line":26,"loc":{"start":{"line":26,"column":1},"end":{"line":26,"column":13}}},"2":{"name":"(anonymous_2)","line":33,"loc":{"start":{"line":33,"column":5},"end":{"line":33,"column":17}}},"3":{"name":"(anonymous_3)","line":37,"loc":{"start":{"line":37,"column":24},"end":{"line":37,"column":36}}},"4":{"name":"(anonymous_4)","line":69,"loc":{"start":{"line":69,"column":31},"end":{"line":69,"column":48}},"skip":true},"5":{"name":"(anonymous_5)","line":78,"loc":{"start":{"line":78,"column":26},"end":{"line":78,"column":45}},"skip":true},"6":{"name":"(anonymous_6)","line":123,"loc":{"start":{"line":123,"column":33},"end":{"line":123,"column":48}},"skip":true},"7":{"name":"(anonymous_7)","line":125,"loc":{"start":{"line":125,"column":27},"end":{"line":125,"column":39}},"skip":true},"8":{"name":"(anonymous_8)","line":133,"loc":{"start":{"line":133,"column":59},"end":{"line":133,"column":74}},"skip":true},"9":{"name":"(anonymous_9)","line":143,"loc":{"start":{"line":143,"column":45},"end":{"line":143,"column":62}},"skip":true},"10":{"name":"(anonymous_10)","line":144,"loc":{"start":{"line":144,"column":73},"end":{"line":144,"column":92}},"skip":true},"11":{"name":"(anonymous_11)","line":272,"loc":{"start":{"line":272,"column":51},"end":{"line":272,"column":77}},"skip":true},"12":{"name":"(anonymous_12)","line":315,"loc":{"start":{"line":315,"column":32},"end":{"line":315,"column":61}},"skip":true}},"statementMap":{"1":{"start":{"line":26,"column":0},"end":{"line":326,"column":5}},"2":{"start":{"line":28,"column":4},"end":{"line":28,"column":14}},"3":{"start":{"line":33,"column":4},"end":{"line":60,"column":9}},"4":{"start":{"line":35,"column":8},"end":{"line":35,"column":19}},"5":{"start":{"line":37,"column":8},"end":{"line":49,"column":13}},"6":{"start":{"line":38,"column":12},"end":{"line":48,"column":13}},"7":{"start":{"line":39,"column":16},"end":{"line":42,"column":30}},"8":{"start":{"line":44,"column":16},"end":{"line":47,"column":27}},"9":{"start":{"line":51,"column":8},"end":{"line":53,"column":21}},"10":{"start":{"line":55,"column":8},"end":{"line":57,"column":45}},"11":{"start":{"line":59,"column":8},"end":{"line":59,"column":35}},"12":{"start":{"line":61,"column":4},"end":{"line":325,"column":5}},"13":{"start":{"line":69,"column":8},"end":{"line":121,"column":10},"skip":true},"14":{"start":{"line":70,"column":12},"end":{"line":88,"column":13},"skip":true},"15":{"start":{"line":76,"column":16},"end":{"line":87,"column":19},"skip":true},"16":{"start":{"line":79,"column":20},"end":{"line":86,"column":21},"skip":true},"17":{"start":{"line":82,"column":24},"end":{"line":82,"column":43},"skip":true},"18":{"start":{"line":83,"column":24},"end":{"line":83,"column":30},"skip":true},"19":{"start":{"line":85,"column":24},"end":{"line":85,"column":49},"skip":true},"20":{"start":{"line":89,"column":12},"end":{"line":107,"column":13},"skip":true},"21":{"start":{"line":92,"column":16},"end":{"line":102,"column":17},"skip":true},"22":{"start":{"line":93,"column":20},"end":{"line":93,"column":86},"skip":true},"23":{"start":{"line":94,"column":20},"end":{"line":95,"column":45},"skip":true},"24":{"start":{"line":96,"column":20},"end":{"line":96,"column":42},"skip":true},"25":{"start":{"line":97,"column":20},"end":{"line":97,"column":48},"skip":true},"26":{"start":{"line":100,"column":20},"end":{"line":100,"column":85},"skip":true},"27":{"start":{"line":101,"column":20},"end":{"line":101,"column":96},"skip":true},"28":{"start":{"line":103,"column":16},"end":{"line":103,"column":22},"skip":true},"29":{"start":{"line":106,"column":16},"end":{"line":106,"column":22},"skip":true},"30":{"start":{"line":108,"column":12},"end":{"line":120,"column":13},"skip":true},"31":{"start":{"line":114,"column":16},"end":{"line":119,"column":17},"skip":true},"32":{"start":{"line":116,"column":20},"end":{"line":116,"column":78},"skip":true},"33":{"start":{"line":118,"column":20},"end":{"line":118,"column":47},"skip":true},"34":{"start":{"line":123,"column":8},"end":{"line":141,"column":11},"skip":true},"35":{"start":{"line":124,"column":12},"end":{"line":124,"column":54},"skip":true},"36":{"start":{"line":125,"column":12},"end":{"line":140,"column":14},"skip":true},"37":{"start":{"line":126,"column":16},"end":{"line":126,"column":28},"skip":true},"38":{"start":{"line":127,"column":16},"end":{"line":127,"column":69},"skip":true},"39":{"start":{"line":128,"column":16},"end":{"line":128,"column":75},"skip":true},"40":{"start":{"line":129,"column":16},"end":{"line":131,"column":17},"skip":true},"41":{"start":{"line":130,"column":20},"end":{"line":130,"column":27},"skip":true},"42":{"start":{"line":133,"column":16},"end":{"line":137,"column":36},"skip":true},"43":{"start":{"line":134,"column":20},"end":{"line":136,"column":55},"skip":true},"44":{"start":{"line":139,"column":16},"end":{"line":139,"column":57},"skip":true},"45":{"start":{"line":143,"column":8},"end":{"line":147,"column":11},"skip":true},"46":{"start":{"line":144,"column":12},"end":{"line":146,"column":15},"skip":true},"47":{"start":{"line":145,"column":16},"end":{"line":145,"column":70},"skip":true},"48":{"start":{"line":149,"column":8},"end":{"line":149,"column":31},"skip":true},"49":{"start":{"line":150,"column":8},"end":{"line":150,"column":14},"skip":true},"50":{"start":{"line":158,"column":8},"end":{"line":158,"column":31},"skip":true},"51":{"start":{"line":160,"column":8},"end":{"line":160,"column":33},"skip":true},"52":{"start":{"line":161,"column":8},"end":{"line":161,"column":37},"skip":true},"53":{"start":{"line":162,"column":8},"end":{"line":162,"column":35},"skip":true},"54":{"start":{"line":164,"column":8},"end":{"line":164,"column":50},"skip":true},"55":{"start":{"line":166,"column":8},"end":{"line":256,"column":2},"skip":true},"56":{"start":{"line":258,"column":8},"end":{"line":286,"column":9},"skip":true},"57":{"start":{"line":259,"column":12},"end":{"line":269,"column":14},"skip":true},"58":{"start":{"line":271,"column":12},"end":{"line":285,"column":19},"skip":true},"59":{"start":{"line":274,"column":20},"end":{"line":274,"column":35},"skip":true},"60":{"start":{"line":275,"column":20},"end":{"line":284,"column":21},"skip":true},"61":{"start":{"line":277,"column":24},"end":{"line":277,"column":64},"skip":true},"62":{"start":{"line":279,"column":24},"end":{"line":279,"column":40},"skip":true},"63":{"start":{"line":281,"column":24},"end":{"line":281,"column":40},"skip":true},"64":{"start":{"line":283,"column":24},"end":{"line":283,"column":39},"skip":true},"65":{"start":{"line":288,"column":8},"end":{"line":290,"column":9},"skip":true},"66":{"start":{"line":289,"column":12},"end":{"line":289,"column":18},"skip":true},"67":{"start":{"line":291,"column":8},"end":{"line":293,"column":54},"skip":true},"68":{"start":{"line":296,"column":8},"end":{"line":301,"column":37},"skip":true},"69":{"start":{"line":303,"column":8},"end":{"line":303,"column":82},"skip":true},"70":{"start":{"line":306,"column":8},"end":{"line":308,"column":9},"skip":true},"71":{"start":{"line":307,"column":12},"end":{"line":307,"column":82},"skip":true},"72":{"start":{"line":310,"column":8},"end":{"line":312,"column":9},"skip":true},"73":{"start":{"line":311,"column":12},"end":{"line":311,"column":18},"skip":true},"74":{"start":{"line":313,"column":8},"end":{"line":313,"column":54},"skip":true},"75":{"start":{"line":314,"column":8},"end":{"line":314,"column":69},"skip":true},"76":{"start":{"line":315,"column":8},"end":{"line":323,"column":36},"skip":true},"77":{"start":{"line":316,"column":12},"end":{"line":316,"column":61},"skip":true},"78":{"start":{"line":317,"column":12},"end":{"line":320,"column":13},"skip":true},"79":{"start":{"line":318,"column":16},"end":{"line":318,"column":75},"skip":true},"80":{"start":{"line":319,"column":16},"end":{"line":319,"column":23},"skip":true},"81":{"start":{"line":321,"column":12},"end":{"line":321,"column":38},"skip":true},"82":{"start":{"line":322,"column":12},"end":{"line":322,"column":27},"skip":true},"83":{"start":{"line":324,"column":8},"end":{"line":324,"column":14},"skip":true}},"branchMap":{"1":{"line":39,"type":"binary-expr","locations":[{"start":{"line":39,"column":23},"end":{"line":39,"column":62}},{"start":{"line":40,"column":20},"end":{"line":40,"column":70}},{"start":{"line":41,"column":20},"end":{"line":41,"column":71}},{"start":{"line":42,"column":20},"end":{"line":42,"column":29}}]},"2":{"line":44,"type":"binary-expr","locations":[{"start":{"line":44,"column":23},"end":{"line":44,"column":37}},{"start":{"line":45,"column":20},"end":{"line":45,"column":61}},{"start":{"line":46,"column":20},"end":{"line":46,"column":70}},{"start":{"line":47,"column":20},"end":{"line":47,"column":26}}]},"3":{"line":51,"type":"cond-expr","locations":[{"start":{"line":52,"column":14},"end":{"line":52,"column":20}},{"start":{"line":53,"column":14},"end":{"line":53,"column":20}}]},"4":{"line":55,"type":"binary-expr","locations":[{"start":{"line":55,"column":16},"end":{"line":55,"column":44}},{"start":{"line":55,"column":49},"end":{"line":57,"column":43}}]},"5":{"line":55,"type":"cond-expr","locations":[{"start":{"line":56,"column":14},"end":{"line":56,"column":49}},{"start":{"line":57,"column":14},"end":{"line":57,"column":43}}]},"6":{"line":61,"type":"switch","locations":[{"start":{"line":68,"column":4},"end":{"line":150,"column":14},"skip":true},{"start":{"line":156,"column":4},"end":{"line":324,"column":14},"skip":true}]},"7":{"line":70,"type":"if","locations":[{"start":{"line":70,"column":12},"end":{"line":70,"column":12},"skip":true},{"start":{"line":70,"column":12},"end":{"line":70,"column":12},"skip":true}]},"8":{"line":70,"type":"binary-expr","locations":[{"start":{"line":70,"column":16},"end":{"line":70,"column":22},"skip":true},{"start":{"line":70,"column":27},"end":{"line":70,"column":32},"skip":true},{"start":{"line":71,"column":20},"end":{"line":71,"column":39},"skip":true},{"start":{"line":72,"column":20},"end":{"line":72,"column":49},"skip":true},{"start":{"line":73,"column":20},"end":{"line":73,"column":58},"skip":true},{"start":{"line":74,"column":20},"end":{"line":74,"column":69},"skip":true}]},"9":{"line":79,"type":"switch","locations":[{"start":{"line":80,"column":20},"end":{"line":80,"column":33},"skip":true},{"start":{"line":81,"column":20},"end":{"line":83,"column":30},"skip":true},{"start":{"line":84,"column":20},"end":{"line":85,"column":49},"skip":true}]},"10":{"line":89,"type":"switch","locations":[{"start":{"line":90,"column":12},"end":{"line":103,"column":22},"skip":true},{"start":{"line":105,"column":12},"end":{"line":106,"column":22},"skip":true}]},"11":{"line":89,"type":"binary-expr","locations":[{"start":{"line":89,"column":20},"end":{"line":89,"column":25},"skip":true},{"start":{"line":89,"column":29},"end":{"line":89,"column":48},"skip":true},{"start":{"line":89,"column":52},"end":{"line":89,"column":74},"skip":true}]},"12":{"line":92,"type":"if","locations":[{"start":{"line":92,"column":16},"end":{"line":92,"column":16},"skip":true},{"start":{"line":92,"column":16},"end":{"line":92,"column":16},"skip":true}]},"13":{"line":108,"type":"if","locations":[{"start":{"line":108,"column":12},"end":{"line":108,"column":12},"skip":true},{"start":{"line":108,"column":12},"end":{"line":108,"column":12},"skip":true}]},"14":{"line":108,"type":"binary-expr","locations":[{"start":{"line":108,"column":16},"end":{"line":108,"column":61},"skip":true},{"start":{"line":108,"column":66},"end":{"line":108,"column":72},"skip":true},{"start":{"line":108,"column":77},"end":{"line":108,"column":82},"skip":true},{"start":{"line":109,"column":20},"end":{"line":109,"column":39},"skip":true},{"start":{"line":110,"column":20},"end":{"line":110,"column":49},"skip":true},{"start":{"line":111,"column":20},"end":{"line":111,"column":58},"skip":true},{"start":{"line":112,"column":20},"end":{"line":112,"column":68},"skip":true}]},"15":{"line":129,"type":"if","locations":[{"start":{"line":129,"column":16},"end":{"line":129,"column":16},"skip":true},{"start":{"line":129,"column":16},"end":{"line":129,"column":16},"skip":true}]},"16":{"line":134,"type":"cond-expr","locations":[{"start":{"line":135,"column":26},"end":{"line":135,"column":29},"skip":true},{"start":{"line":136,"column":26},"end":{"line":136,"column":54},"skip":true}]},"17":{"line":164,"type":"binary-expr","locations":[{"start":{"line":164,"column":27},"end":{"line":164,"column":43},"skip":true},{"start":{"line":164,"column":47},"end":{"line":164,"column":49},"skip":true}]},"18":{"line":258,"type":"if","locations":[{"start":{"line":258,"column":8},"end":{"line":258,"column":8},"skip":true},{"start":{"line":258,"column":8},"end":{"line":258,"column":8},"skip":true}]},"19":{"line":275,"type":"switch","locations":[{"start":{"line":276,"column":20},"end":{"line":277,"column":64},"skip":true},{"start":{"line":278,"column":20},"end":{"line":279,"column":40},"skip":true},{"start":{"line":280,"column":20},"end":{"line":281,"column":40},"skip":true},{"start":{"line":282,"column":20},"end":{"line":283,"column":39},"skip":true}]},"20":{"line":288,"type":"if","locations":[{"start":{"line":288,"column":8},"end":{"line":288,"column":8},"skip":true},{"start":{"line":288,"column":8},"end":{"line":288,"column":8},"skip":true}]},"21":{"line":288,"type":"binary-expr","locations":[{"start":{"line":288,"column":12},"end":{"line":288,"column":40},"skip":true},{"start":{"line":288,"column":44},"end":{"line":288,"column":67},"skip":true}]},"22":{"line":292,"type":"binary-expr","locations":[{"start":{"line":292,"column":12},"end":{"line":292,"column":50},"skip":true},{"start":{"line":293,"column":12},"end":{"line":293,"column":53},"skip":true}]},"23":{"line":297,"type":"binary-expr","locations":[{"start":{"line":297,"column":12},"end":{"line":297,"column":63},"skip":true},{"start":{"line":298,"column":12},"end":{"line":301,"column":36},"skip":true}]},"24":{"line":303,"type":"binary-expr","locations":[{"start":{"line":303,"column":43},"end":{"line":303,"column":75},"skip":true},{"start":{"line":303,"column":79},"end":{"line":303,"column":81},"skip":true}]},"25":{"line":306,"type":"if","locations":[{"start":{"line":306,"column":8},"end":{"line":306,"column":8},"skip":true},{"start":{"line":306,"column":8},"end":{"line":306,"column":8},"skip":true}]},"26":{"line":310,"type":"if","locations":[{"start":{"line":310,"column":8},"end":{"line":310,"column":8},"skip":true},{"start":{"line":310,"column":8},"end":{"line":310,"column":8},"skip":true}]},"27":{"line":313,"type":"binary-expr","locations":[{"start":{"line":313,"column":27},"end":{"line":313,"column":43},"skip":true},{"start":{"line":313,"column":47},"end":{"line":313,"column":53},"skip":true}]},"28":{"line":317,"type":"if","locations":[{"start":{"line":317,"column":12},"end":{"line":317,"column":12},"skip":true},{"start":{"line":317,"column":12},"end":{"line":317,"column":12},"skip":true}]}},"code":["/*","example.js","","quickstart example","","instruction","    1. save this script as example.js","    2. run the shell command:","        $ npm install npmtest-vimeo && PORT=8081 node example.js","    3. play with the browser-demo on http://127.0.0.1:8081","*/","","","","/* istanbul instrument in package npmtest_vimeo */","/*jslint","    bitwise: true,","    browser: true,","    maxerr: 8,","    maxlen: 96,","    node: true,","    nomen: true,","    regexp: true,","    stupid: true","*/","(function () {","    'use strict';","    var local;","","","","    // run shared js-env code - pre-init","    (function () {","        // init local","        local = {};","        // init modeJs","        local.modeJs = (function () {","            try {","                return typeof navigator.userAgent === 'string' &&","                    typeof document.querySelector('body') === 'object' &&","                    typeof XMLHttpRequest.prototype.open === 'function' &&","                    'browser';","            } catch (errorCaughtBrowser) {","                return module.exports &&","                    typeof process.versions.node === 'string' &&","                    typeof require('http').createServer === 'function' &&","                    'node';","            }","        }());","        // init global","        local.global = local.modeJs === 'browser'","            ? window","            : global;","        // init utility2_rollup","        local = local.global.utility2_rollup || (local.modeJs === 'browser'","            ? local.global.utility2_npmtest_vimeo","            : global.utility2_moduleExports);","        // export local","        local.global.local = local;","    }());","    switch (local.modeJs) {","","","","    // post-init","    // run browser js-env code - post-init","    /* istanbul ignore next */","    case 'browser':","        local.testRunBrowser = function (event) {","            if (!event || (event &&","                    event.currentTarget &&","                    event.currentTarget.className &&","                    event.currentTarget.className.includes &&","                    event.currentTarget.className.includes('onreset'))) {","                // reset output","                Array.from(","                    document.querySelectorAll('body > .resettable')","                ).forEach(function (element) {","                    switch (element.tagName) {","                    case 'INPUT':","                    case 'TEXTAREA':","                        element.value = '';","                        break;","                    default:","                        element.textContent = '';","                    }","                });","            }","            switch (event && event.currentTarget && event.currentTarget.id) {","            case 'testRunButton1':","                // show tests","                if (document.querySelector('#testReportDiv1').style.display === 'none') {","                    document.querySelector('#testReportDiv1').style.display = 'block';","                    document.querySelector('#testRunButton1').textContent =","                        'hide internal test';","                    local.modeTest = true;","                    local.testRunDefault(local);","                // hide tests","                } else {","                    document.querySelector('#testReportDiv1').style.display = 'none';","                    document.querySelector('#testRunButton1').textContent = 'run internal test';","                }","                break;","            // custom-case","            default:","                break;","            }","            if (document.querySelector('#inputTextareaEval1') && (!event || (event &&","                    event.currentTarget &&","                    event.currentTarget.className &&","                    event.currentTarget.className.includes &&","                    event.currentTarget.className.includes('oneval')))) {","                // try to eval input-code","                try {","                    /*jslint evil: true*/","                    eval(document.querySelector('#inputTextareaEval1').value);","                } catch (errorCaught) {","                    console.error(errorCaught);","                }","            }","        };","        // log stderr and stdout to #outputTextareaStdout1","        ['error', 'log'].forEach(function (key) {","            console[key + '_original'] = console[key];","            console[key] = function () {","                var element;","                console[key + '_original'].apply(console, arguments);","                element = document.querySelector('#outputTextareaStdout1');","                if (!element) {","                    return;","                }","                // append text to #outputTextareaStdout1","                element.value += Array.from(arguments).map(function (arg) {","                    return typeof arg === 'string'","                        ? arg","                        : JSON.stringify(arg, null, 4);","                }).join(' ') + '\\n';","                // scroll textarea to bottom","                element.scrollTop = element.scrollHeight;","            };","        });","        // init event-handling","        ['change', 'click', 'keyup'].forEach(function (event) {","            Array.from(document.querySelectorAll('.on' + event)).forEach(function (element) {","                element.addEventListener(event, local.testRunBrowser);","            });","        });","        // run tests","        local.testRunBrowser();","        break;","","","","    // run node js-env code - post-init","    /* istanbul ignore next */","    case 'node':","        // export local","        module.exports = local;","        // require modules","        local.fs = require('fs');","        local.http = require('http');","        local.url = require('url');","        // init assets","        local.assetsDict = local.assetsDict || {};","        /* jslint-ignore-begin */","        local.assetsDict['/assets.index.template.html'] = '\\","<!doctype html>\\n\\","<html lang=\"en\">\\n\\","<head>\\n\\","<meta charset=\"UTF-8\">\\n\\","<meta name=\"viewport\" content=\"width=device-width, initial-scale=1\">\\n\\","<title>{{env.npm_package_name}} (v{{env.npm_package_version}})</title>\\n\\","<style>\\n\\","/*csslint\\n\\","    box-sizing: false,\\n\\","    universal-selector: false\\n\\","*/\\n\\","* {\\n\\","    box-sizing: border-box;\\n\\","}\\n\\","body {\\n\\","    background: #dde;\\n\\","    font-family: Arial, Helvetica, sans-serif;\\n\\","    margin: 2rem;\\n\\","}\\n\\","body > * {\\n\\","    margin-bottom: 1rem;\\n\\","}\\n\\",".utility2FooterDiv {\\n\\","    margin-top: 20px;\\n\\","    text-align: center;\\n\\","}\\n\\","</style>\\n\\","<style>\\n\\","/*csslint\\n\\","*/\\n\\","textarea {\\n\\","    font-family: monospace;\\n\\","    height: 10rem;\\n\\","    width: 100%;\\n\\","}\\n\\","textarea[readonly] {\\n\\","    background: #ddd;\\n\\","}\\n\\","</style>\\n\\","</head>\\n\\","<body>\\n\\","<!-- utility2-comment\\n\\","<div id=\"ajaxProgressDiv1\" style=\"background: #d00; height: 2px; left: 0; margin: 0; padding: 0; position: fixed; top: 0; transition: background 0.5s, width 1.5s; width: 25%;\"></div>\\n\\","utility2-comment -->\\n\\","<h1>\\n\\","<!-- utility2-comment\\n\\","    <a\\n\\","        {{#if env.npm_package_homepage}}\\n\\","        href=\"{{env.npm_package_homepage}}\"\\n\\","        {{/if env.npm_package_homepage}}\\n\\","        target=\"_blank\"\\n\\","    >\\n\\","utility2-comment -->\\n\\","        {{env.npm_package_name}} (v{{env.npm_package_version}})\\n\\","<!-- utility2-comment\\n\\","    </a>\\n\\","utility2-comment -->\\n\\","</h1>\\n\\","<h3>{{env.npm_package_description}}</h3>\\n\\","<!-- utility2-comment\\n\\","<h4><a download href=\"assets.app.js\">download standalone app</a></h4>\\n\\","<button class=\"onclick onreset\" id=\"testRunButton1\">run internal test</button><br>\\n\\","<div id=\"testReportDiv1\" style=\"display: none;\"></div>\\n\\","utility2-comment -->\\n\\","\\n\\","\\n\\","\\n\\","<label>stderr and stdout</label>\\n\\","<textarea class=\"resettable\" id=\"outputTextareaStdout1\" readonly></textarea>\\n\\","<!-- utility2-comment\\n\\","{{#if isRollup}}\\n\\","<script src=\"assets.app.js\"></script>\\n\\","{{#unless isRollup}}\\n\\","utility2-comment -->\\n\\","<script src=\"assets.utility2.rollup.js\"></script>\\n\\","<script src=\"jsonp.utility2._stateInit?callback=window.utility2._stateInit\"></script>\\n\\","<script src=\"assets.npmtest_vimeo.rollup.js\"></script>\\n\\","<script src=\"assets.example.js\"></script>\\n\\","<script src=\"assets.test.js\"></script>\\n\\","<!-- utility2-comment\\n\\","{{/if isRollup}}\\n\\","utility2-comment -->\\n\\","<div class=\"utility2FooterDiv\">\\n\\","    [ this app was created with\\n\\","    <a href=\"https://github.com/kaizhu256/node-utility2\" target=\"_blank\">utility2</a>\\n\\","    ]\\n\\","</div>\\n\\","</body>\\n\\","</html>\\n\\","';","        /* jslint-ignore-end */","        if (local.templateRender) {","            local.assetsDict['/'] = local.templateRender(","                local.assetsDict['/assets.index.template.html'],","                {","                    env: local.objectSetDefault(local.env, {","                        npm_package_description: 'the greatest app in the world!',","                        npm_package_name: 'my-app',","                        npm_package_nameAlias: 'my_app',","                        npm_package_version: '0.0.1'","                    })","                }","            );","        } else {","            local.assetsDict['/'] = local.assetsDict['/assets.index.template.html']","                .replace((/\\{\\{env\\.(\\w+?)\\}\\}/g), function (match0, match1) {","                    // jslint-hack","                    String(match0);","                    switch (match1) {","                    case 'npm_package_description':","                        return 'the greatest app in the world!';","                    case 'npm_package_name':","                        return 'my-app';","                    case 'npm_package_nameAlias':","                        return 'my_app';","                    case 'npm_package_version':","                        return '0.0.1';","                    }","                });","        }","        // run the cli","        if (local.global.utility2_rollup || module !== require.main) {","            break;","        }","        local.assetsDict['/assets.example.js'] =","            local.assetsDict['/assets.example.js'] ||","            local.fs.readFileSync(__filename, 'utf8');","        // bug-workaround - long $npm_package_buildCustomOrg","        /* jslint-ignore-begin */","        local.assetsDict['/assets.npmtest_vimeo.rollup.js'] =","            local.assetsDict['/assets.npmtest_vimeo.rollup.js'] ||","            local.fs.readFileSync(","                local.npmtest_vimeo.__dirname + '/lib.npmtest_vimeo.js',","                'utf8'","            ).replace((/^#!/), '//');","        /* jslint-ignore-end */","        local.assetsDict['/favicon.ico'] = local.assetsDict['/favicon.ico'] || '';","        // if $npm_config_timeout_exit exists,","        // then exit this process after $npm_config_timeout_exit ms","        if (Number(process.env.npm_config_timeout_exit)) {","            setTimeout(process.exit, Number(process.env.npm_config_timeout_exit));","        }","        // start server","        if (local.global.utility2_serverHttp1) {","            break;","        }","        process.env.PORT = process.env.PORT || '8081';","        console.error('server starting on port ' + process.env.PORT);","        local.http.createServer(function (request, response) {","            request.urlParsed = local.url.parse(request.url);","            if (local.assetsDict[request.urlParsed.pathname] !== undefined) {","                response.end(local.assetsDict[request.urlParsed.pathname]);","                return;","            }","            response.statusCode = 404;","            response.end();","        }).listen(process.env.PORT);","        break;","    }","}());",""],"l":{"26":2,"28":2,"33":2,"35":2,"37":2,"38":2,"39":2,"44":1,"51":2,"55":2,"59":2,"61":2,"69":1,"70":2,"76":2,"79":2,"82":2,"83":2,"85":1,"89":2,"92":1,"93":1,"94":1,"96":1,"97":1,"100":1,"101":1,"103":1,"106":1,"108":2,"114":1,"116":1,"118":1,"123":1,"124":2,"125":2,"126":3,"127":3,"128":3,"129":3,"130":1,"133":3,"134":3,"139":3,"143":1,"144":3,"145":1,"149":1,"150":1,"158":1,"160":1,"161":1,"162":1,"164":1,"166":1,"258":1,"259":1,"271":1,"274":6,"275":6,"277":1,"279":2,"281":1,"283":2,"288":1,"289":1,"291":1,"296":1,"303":1,"306":1,"307":1,"310":1,"311":1,"313":1,"314":1,"315":1,"316":1,"317":1,"318":1,"319":1,"321":1,"322":1,"324":1}},"/home/travis/build/npmtest/node-npmtest-vimeo/node_modules/vimeo/index.js":{"path":"/home/travis/build/npmtest/node-npmtest-vimeo/node_modules/vimeo/index.js","s":{"1":1,"2":1,"3":1},"b":{},"f":{},"fnMap":{},"statementMap":{"1":{"start":{"line":16,"column":0},"end":{"line":16,"column":42}},"2":{"start":{"line":17,"column":0},"end":{"line":17,"column":43}},"3":{"start":{"line":18,"column":0},"end":{"line":18,"column":42}}},"branchMap":{},"code":["/**"," *   Copyright 2013 Vimeo"," *"," *   Licensed under the Apache License, Version 2.0 (the \"License\");"," *   you may not use this file except in compliance with the License."," *   You may obtain a copy of the License at"," *"," *       http://www.apache.org/licenses/LICENSE-2.0"," *"," *   Unless required by applicable law or agreed to in writing, software"," *   distributed under the License is distributed on an \"AS IS\" BASIS,"," *   WITHOUT WARRANTIES OR CONDITIONS OF ANY KIND, either express or implied."," *   See the License for the specific language governing permissions and"," *   limitations under the License."," */","var vimeo_module = require('./lib/vimeo');","module.exports.vimeo_module = vimeo_module;","module.exports.Vimeo = vimeo_module.Vimeo;",""],"l":{"16":1,"17":1,"18":1}},"/home/travis/build/npmtest/node-npmtest-vimeo/node_modules/vimeo/lib/vimeo.js":{"path":"/home/travis/build/npmtest/node-npmtest-vimeo/node_modules/vimeo/lib/vimeo.js","s":{"1":1,"2":1,"3":1,"4":1,"5":1,"6":1,"7":1,"8":1,"9":1,"10":0,"11":0,"12":0,"13":0,"14":1,"15":1,"16":1,"17":1,"18":0,"19":0,"20":0,"21":0,"22":0,"23":0,"24":0,"25":0,"26":0,"27":0,"28":0,"29":0,"30":0,"31":0,"32":0,"33":0,"34":0,"35":0,"36":0,"37":0,"38":0,"39":0,"40":0,"41":1,"42":0,"43":0,"44":0,"45":0,"46":0,"47":0,"48":0,"49":0,"50":0,"51":0,"52":0,"53":0,"54":0,"55":0,"56":1,"57":0,"58":0,"59":0,"60":0,"61":0,"62":0,"63":0,"64":0,"65":0,"66":0,"67":1,"68":0,"69":0,"70":0,"71":0,"72":0,"73":0,"74":0,"75":1,"76":0,"77":0,"78":0,"79":0,"80":0,"81":0,"82":0,"83":0,"84":1,"85":0,"86":0,"87":0,"88":0,"89":0,"90":1,"91":0,"92":0,"93":0,"94":0,"95":0,"96":0,"97":0,"98":0,"99":0,"100":1,"101":0,"102":0,"103":0,"104":0,"105":0,"106":0,"107":0,"108":0,"109":0,"110":0,"111":1,"112":0,"113":0,"114":0,"115":0,"116":0,"117":0,"118":0,"119":0,"120":0,"121":0,"122":0,"123":0,"124":0,"125":0},"b":{"1":[0,0],"2":[0,0],"3":[0,0],"4":[0,0],"5":[0,0],"6":[0,0],"7":[0,0],"8":[0,0],"9":[0,0],"10":[0,0],"11":[0,0],"12":[0,0],"13":[0,0],"14":[0,0],"15":[0,0],"16":[0,0],"17":[0,0],"18":[0,0],"19":[0,0],"20":[0,0],"21":[0,0],"22":[0,0],"23":[0,0],"24":[0,0],"25":[0,0],"26":[0,0],"27":[0,0],"28":[0,0],"29":[0,0],"30":[0,0],"31":[0,0],"32":[0,0],"33":[0,0],"34":[0,0],"35":[0,0],"36":[0,0],"37":[0,0],"38":[0,0],"39":[0,0]},"f":{"1":0,"2":0,"3":0,"4":0,"5":0,"6":0,"7":0,"8":0,"9":0,"10":0,"11":0,"12":0,"13":0,"14":0,"15":0,"16":0,"17":0,"18":0,"19":0},"fnMap":{"1":{"name":"Vimeo","line":50,"loc":{"start":{"line":50,"column":35},"end":{"line":50,"column":91}}},"2":{"name":"vimeo_request","line":86,"loc":{"start":{"line":86,"column":26},"end":{"line":86,"column":69}}},"3":{"name":"(anonymous_3)","line":135,"loc":{"start":{"line":135,"column":17},"end":{"line":135,"column":29}}},"4":{"name":"(anonymous_4)","line":149,"loc":{"start":{"line":149,"column":33},"end":{"line":149,"column":53}}},"5":{"name":"(anonymous_5)","line":150,"loc":{"start":{"line":150,"column":8},"end":{"line":150,"column":23}}},"6":{"name":"(anonymous_6)","line":155,"loc":{"start":{"line":155,"column":21},"end":{"line":155,"column":33}}},"7":{"name":"(anonymous_7)","line":161,"loc":{"start":{"line":161,"column":17},"end":{"line":161,"column":29}}},"8":{"name":"(anonymous_8)","line":167,"loc":{"start":{"line":167,"column":17},"end":{"line":167,"column":29}}},"9":{"name":"(anonymous_9)","line":185,"loc":{"start":{"line":185,"column":39},"end":{"line":185,"column":58}}},"10":{"name":"(anonymous_10)","line":214,"loc":{"start":{"line":214,"column":46},"end":{"line":214,"column":65}}},"11":{"name":"(anonymous_11)","line":245,"loc":{"start":{"line":245,"column":42},"end":{"line":245,"column":78}}},"12":{"name":"(anonymous_12)","line":274,"loc":{"start":{"line":274,"column":30},"end":{"line":274,"column":64}}},"13":{"name":"(anonymous_13)","line":289,"loc":{"start":{"line":289,"column":4},"end":{"line":289,"column":42}}},"14":{"name":"(anonymous_14)","line":313,"loc":{"start":{"line":313,"column":45},"end":{"line":313,"column":83}}},"15":{"name":"(anonymous_15)","line":343,"loc":{"start":{"line":343,"column":44},"end":{"line":343,"column":65}}},"16":{"name":"(anonymous_16)","line":366,"loc":{"start":{"line":366,"column":4},"end":{"line":366,"column":42}}},"17":{"name":"(anonymous_17)","line":381,"loc":{"start":{"line":381,"column":34},"end":{"line":381,"column":90}}},"18":{"name":"(anonymous_18)","line":398,"loc":{"start":{"line":398,"column":23},"end":{"line":398,"column":63}}},"19":{"name":"(anonymous_19)","line":405,"loc":{"start":{"line":405,"column":13},"end":{"line":405,"column":25}}}},"statementMap":{"1":{"start":{"line":18,"column":0},"end":{"line":18,"column":39}},"2":{"start":{"line":19,"column":0},"end":{"line":19,"column":32}},"3":{"start":{"line":20,"column":0},"end":{"line":20,"column":38}},"4":{"start":{"line":21,"column":0},"end":{"line":21,"column":34}},"5":{"start":{"line":22,"column":0},"end":{"line":22,"column":36}},"6":{"start":{"line":23,"column":0},"end":{"line":23,"column":45}},"7":{"start":{"line":25,"column":0},"end":{"line":35,"column":2}},"8":{"start":{"line":37,"column":0},"end":{"line":41,"column":2}},"9":{"start":{"line":50,"column":0},"end":{"line":57,"column":2}},"10":{"start":{"line":51,"column":1},"end":{"line":51,"column":29}},"11":{"start":{"line":52,"column":1},"end":{"line":52,"column":37}},"12":{"start":{"line":54,"column":1},"end":{"line":56,"column":2}},"13":{"start":{"line":55,"column":2},"end":{"line":55,"column":35}},"14":{"start":{"line":59,"column":0},"end":{"line":59,"column":34}},"15":{"start":{"line":60,"column":0},"end":{"line":60,"column":38}},"16":{"start":{"line":61,"column":0},"end":{"line":61,"column":36}},"17":{"start":{"line":86,"column":0},"end":{"line":141,"column":2}},"18":{"start":{"line":87,"column":1},"end":{"line":87,"column":19}},"19":{"start":{"line":90,"column":1},"end":{"line":93,"column":2}},"20":{"start":{"line":91,"column":2},"end":{"line":91,"column":44}},"21":{"start":{"line":92,"column":2},"end":{"line":92,"column":25}},"22":{"start":{"line":96,"column":1},"end":{"line":98,"column":2}},"23":{"start":{"line":97,"column":2},"end":{"line":97,"column":61}},"24":{"start":{"line":101,"column":1},"end":{"line":103,"column":2}},"25":{"start":{"line":102,"column":2},"end":{"line":102,"column":36}},"26":{"start":{"line":106,"column":1},"end":{"line":106,"column":58}},"27":{"start":{"line":109,"column":1},"end":{"line":109,"column":77}},"28":{"start":{"line":112,"column":1},"end":{"line":124,"column":2}},"29":{"start":{"line":113,"column":2},"end":{"line":117,"column":3}},"30":{"start":{"line":114,"column":3},"end":{"line":114,"column":56}},"31":{"start":{"line":116,"column":3},"end":{"line":116,"column":61}},"32":{"start":{"line":119,"column":2},"end":{"line":123,"column":3}},"33":{"start":{"line":120,"column":3},"end":{"line":120,"column":95}},"34":{"start":{"line":122,"column":3},"end":{"line":122,"column":49}},"35":{"start":{"line":127,"column":1},"end":{"line":127,"column":74}},"36":{"start":{"line":130,"column":1},"end":{"line":132,"column":2}},"37":{"start":{"line":131,"column":2},"end":{"line":131,"column":34}},"38":{"start":{"line":135,"column":1},"end":{"line":137,"column":4}},"39":{"start":{"line":136,"column":2},"end":{"line":136,"column":14}},"40":{"start":{"line":140,"column":1},"end":{"line":140,"column":11}},"41":{"start":{"line":149,"column":0},"end":{"line":177,"column":2}},"42":{"start":{"line":150,"column":1},"end":{"line":176,"column":3}},"43":{"start":{"line":151,"column":2},"end":{"line":151,"column":26}},"44":{"start":{"line":153,"column":2},"end":{"line":153,"column":18}},"45":{"start":{"line":155,"column":2},"end":{"line":157,"column":5}},"46":{"start":{"line":156,"column":3},"end":{"line":156,"column":30}},"47":{"start":{"line":159,"column":2},"end":{"line":175,"column":3}},"48":{"start":{"line":161,"column":3},"end":{"line":164,"column":6}},"49":{"start":{"line":162,"column":4},"end":{"line":162,"column":32}},"50":{"start":{"line":163,"column":4},"end":{"line":163,"column":55}},"51":{"start":{"line":167,"column":3},"end":{"line":174,"column":6}},"52":{"start":{"line":168,"column":4},"end":{"line":172,"column":5}},"53":{"start":{"line":169,"column":5},"end":{"line":169,"column":56}},"54":{"start":{"line":171,"column":5},"end":{"line":171,"column":66}},"55":{"start":{"line":173,"column":4},"end":{"line":173,"column":54}},"56":{"start":{"line":185,"column":0},"end":{"line":206,"column":1}},"57":{"start":{"line":187,"column":1},"end":{"line":187,"column":65}},"58":{"start":{"line":190,"column":1},"end":{"line":194,"column":2}},"59":{"start":{"line":191,"column":2},"end":{"line":191,"column":72}},"60":{"start":{"line":192,"column":8},"end":{"line":194,"column":2}},"61":{"start":{"line":193,"column":2},"end":{"line":193,"column":128}},"62":{"start":{"line":197,"column":1},"end":{"line":203,"column":2}},"63":{"start":{"line":198,"column":2},"end":{"line":198,"column":63}},"64":{"start":{"line":201,"column":8},"end":{"line":203,"column":2}},"65":{"start":{"line":202,"column":2},"end":{"line":202,"column":80}},"66":{"start":{"line":205,"column":1},"end":{"line":205,"column":24}},"67":{"start":{"line":214,"column":0},"end":{"line":236,"column":1}},"68":{"start":{"line":215,"column":1},"end":{"line":223,"column":3}},"69":{"start":{"line":224,"column":1},"end":{"line":224,"column":16}},"70":{"start":{"line":227,"column":1},"end":{"line":233,"column":2}},"71":{"start":{"line":228,"column":2},"end":{"line":232,"column":3}},"72":{"start":{"line":229,"column":3},"end":{"line":231,"column":4}},"73":{"start":{"line":230,"column":4},"end":{"line":230,"column":80}},"74":{"start":{"line":235,"column":1},"end":{"line":235,"column":24}},"75":{"start":{"line":245,"column":0},"end":{"line":264,"column":1}},"76":{"start":{"line":246,"column":1},"end":{"line":246,"column":22}},"77":{"start":{"line":248,"column":1},"end":{"line":250,"column":2}},"78":{"start":{"line":249,"column":2},"end":{"line":249,"column":30}},"79":{"start":{"line":253,"column":1},"end":{"line":261,"column":2}},"80":{"start":{"line":254,"column":2},"end":{"line":260,"column":3}},"81":{"start":{"line":256,"column":3},"end":{"line":256,"column":58}},"82":{"start":{"line":259,"column":3},"end":{"line":259,"column":58}},"83":{"start":{"line":263,"column":1},"end":{"line":263,"column":43}},"84":{"start":{"line":274,"column":0},"end":{"line":296,"column":2}},"85":{"start":{"line":275,"column":1},"end":{"line":275,"column":18}},"86":{"start":{"line":277,"column":1},"end":{"line":295,"column":4}},"87":{"start":{"line":290,"column":2},"end":{"line":294,"column":3}},"88":{"start":{"line":291,"column":3},"end":{"line":291,"column":41}},"89":{"start":{"line":293,"column":3},"end":{"line":293,"column":35}},"90":{"start":{"line":313,"column":0},"end":{"line":335,"column":2}},"91":{"start":{"line":314,"column":1},"end":{"line":318,"column":3}},"92":{"start":{"line":320,"column":1},"end":{"line":328,"column":2}},"93":{"start":{"line":321,"column":2},"end":{"line":325,"column":3}},"94":{"start":{"line":322,"column":3},"end":{"line":322,"column":33}},"95":{"start":{"line":324,"column":3},"end":{"line":324,"column":23}},"96":{"start":{"line":327,"column":2},"end":{"line":327,"column":25}},"97":{"start":{"line":330,"column":1},"end":{"line":332,"column":2}},"98":{"start":{"line":331,"column":2},"end":{"line":331,"column":22}},"99":{"start":{"line":334,"column":1},"end":{"line":334,"column":165}},"100":{"start":{"line":343,"column":0},"end":{"line":373,"column":1}},"101":{"start":{"line":344,"column":1},"end":{"line":346,"column":2}},"102":{"start":{"line":348,"column":1},"end":{"line":356,"column":2}},"103":{"start":{"line":349,"column":2},"end":{"line":353,"column":3}},"104":{"start":{"line":350,"column":3},"end":{"line":350,"column":33}},"105":{"start":{"line":352,"column":3},"end":{"line":352,"column":23}},"106":{"start":{"line":355,"column":2},"end":{"line":355,"column":25}},"107":{"start":{"line":358,"column":1},"end":{"line":372,"column":4}},"108":{"start":{"line":367,"column":2},"end":{"line":371,"column":3}},"109":{"start":{"line":368,"column":3},"end":{"line":368,"column":41}},"110":{"start":{"line":370,"column":3},"end":{"line":370,"column":35}},"111":{"start":{"line":381,"column":0},"end":{"line":415,"column":2}},"112":{"start":{"line":382,"column":1},"end":{"line":382,"column":18}},"113":{"start":{"line":384,"column":1},"end":{"line":388,"column":2}},"114":{"start":{"line":385,"column":2},"end":{"line":385,"column":31}},"115":{"start":{"line":386,"column":2},"end":{"line":386,"column":23}},"116":{"start":{"line":387,"column":2},"end":{"line":387,"column":24}},"117":{"start":{"line":390,"column":1},"end":{"line":396,"column":3}},"118":{"start":{"line":398,"column":1},"end":{"line":414,"column":4}},"119":{"start":{"line":399,"column":2},"end":{"line":401,"column":3}},"120":{"start":{"line":400,"column":3},"end":{"line":400,"column":24}},"121":{"start":{"line":403,"column":2},"end":{"line":403,"column":82}},"122":{"start":{"line":405,"column":2},"end":{"line":410,"column":5}},"123":{"start":{"line":406,"column":3},"end":{"line":409,"column":16}},"124":{"start":{"line":412,"column":2},"end":{"line":412,"column":23}},"125":{"start":{"line":413,"column":2},"end":{"line":413,"column":16}}},"branchMap":{"1":{"line":54,"type":"if","locations":[{"start":{"line":54,"column":1},"end":{"line":54,"column":1}},{"start":{"line":54,"column":1},"end":{"line":54,"column":1}}]},"2":{"line":90,"type":"if","locations":[{"start":{"line":90,"column":1},"end":{"line":90,"column":1}},{"start":{"line":90,"column":1},"end":{"line":90,"column":1}}]},"3":{"line":96,"type":"if","locations":[{"start":{"line":96,"column":1},"end":{"line":96,"column":1}},{"start":{"line":96,"column":1},"end":{"line":96,"column":1}}]},"4":{"line":101,"type":"if","locations":[{"start":{"line":101,"column":1},"end":{"line":101,"column":1}},{"start":{"line":101,"column":1},"end":{"line":101,"column":1}}]},"5":{"line":109,"type":"cond-expr","locations":[{"start":{"line":109,"column":50},"end":{"line":109,"column":62}},{"start":{"line":109,"column":65},"end":{"line":109,"column":76}}]},"6":{"line":112,"type":"if","locations":[{"start":{"line":112,"column":1},"end":{"line":112,"column":1}},{"start":{"line":112,"column":1},"end":{"line":112,"column":1}}]},"7":{"line":113,"type":"if","locations":[{"start":{"line":113,"column":2},"end":{"line":113,"column":2}},{"start":{"line":113,"column":2},"end":{"line":113,"column":2}}]},"8":{"line":119,"type":"if","locations":[{"start":{"line":119,"column":2},"end":{"line":119,"column":2}},{"start":{"line":119,"column":2},"end":{"line":119,"column":2}}]},"9":{"line":130,"type":"if","locations":[{"start":{"line":130,"column":1},"end":{"line":130,"column":1}},{"start":{"line":130,"column":1},"end":{"line":130,"column":1}}]},"10":{"line":156,"type":"binary-expr","locations":[{"start":{"line":156,"column":13},"end":{"line":156,"column":23}},{"start":{"line":156,"column":27},"end":{"line":156,"column":29}}]},"11":{"line":159,"type":"if","locations":[{"start":{"line":159,"column":2},"end":{"line":159,"column":2}},{"start":{"line":159,"column":2},"end":{"line":159,"column":2}}]},"12":{"line":169,"type":"cond-expr","locations":[{"start":{"line":169,"column":32},"end":{"line":169,"column":50}},{"start":{"line":169,"column":53},"end":{"line":169,"column":55}}]},"13":{"line":190,"type":"if","locations":[{"start":{"line":190,"column":1},"end":{"line":190,"column":1}},{"start":{"line":190,"column":1},"end":{"line":190,"column":1}}]},"14":{"line":192,"type":"if","locations":[{"start":{"line":192,"column":8},"end":{"line":192,"column":8}},{"start":{"line":192,"column":8},"end":{"line":192,"column":8}}]},"15":{"line":192,"type":"binary-expr","locations":[{"start":{"line":192,"column":12},"end":{"line":192,"column":27}},{"start":{"line":192,"column":31},"end":{"line":192,"column":50}}]},"16":{"line":197,"type":"if","locations":[{"start":{"line":197,"column":1},"end":{"line":197,"column":1}},{"start":{"line":197,"column":1},"end":{"line":197,"column":1}}]},"17":{"line":197,"type":"binary-expr","locations":[{"start":{"line":197,"column":5},"end":{"line":197,"column":75}},{"start":{"line":197,"column":79},"end":{"line":197,"column":119}}]},"18":{"line":201,"type":"if","locations":[{"start":{"line":201,"column":8},"end":{"line":201,"column":8}},{"start":{"line":201,"column":8},"end":{"line":201,"column":8}}]},"19":{"line":216,"type":"binary-expr","locations":[{"start":{"line":216,"column":13},"end":{"line":216,"column":29}},{"start":{"line":216,"column":33},"end":{"line":216,"column":73}}]},"20":{"line":217,"type":"binary-expr","locations":[{"start":{"line":217,"column":9},"end":{"line":217,"column":25}},{"start":{"line":217,"column":29},"end":{"line":217,"column":69}}]},"21":{"line":218,"type":"binary-expr","locations":[{"start":{"line":218,"column":9},"end":{"line":218,"column":21}},{"start":{"line":218,"column":25},"end":{"line":218,"column":61}}]},"22":{"line":219,"type":"binary-expr","locations":[{"start":{"line":219,"column":11},"end":{"line":219,"column":25}},{"start":{"line":219,"column":29},"end":{"line":219,"column":67}}]},"23":{"line":220,"type":"binary-expr","locations":[{"start":{"line":220,"column":12},"end":{"line":220,"column":27}},{"start":{"line":220,"column":31},"end":{"line":220,"column":33}}]},"24":{"line":227,"type":"if","locations":[{"start":{"line":227,"column":1},"end":{"line":227,"column":1}},{"start":{"line":227,"column":1},"end":{"line":227,"column":1}}]},"25":{"line":229,"type":"if","locations":[{"start":{"line":229,"column":3},"end":{"line":229,"column":3}},{"start":{"line":229,"column":3},"end":{"line":229,"column":3}}]},"26":{"line":248,"type":"if","locations":[{"start":{"line":248,"column":1},"end":{"line":248,"column":1}},{"start":{"line":248,"column":1},"end":{"line":248,"column":1}}]},"27":{"line":253,"type":"if","locations":[{"start":{"line":253,"column":1},"end":{"line":253,"column":1}},{"start":{"line":253,"column":1},"end":{"line":253,"column":1}}]},"28":{"line":254,"type":"if","locations":[{"start":{"line":254,"column":2},"end":{"line":254,"column":2}},{"start":{"line":254,"column":2},"end":{"line":254,"column":2}}]},"29":{"line":290,"type":"if","locations":[{"start":{"line":290,"column":2},"end":{"line":290,"column":2}},{"start":{"line":290,"column":2},"end":{"line":290,"column":2}}]},"30":{"line":320,"type":"if","locations":[{"start":{"line":320,"column":1},"end":{"line":320,"column":1}},{"start":{"line":320,"column":1},"end":{"line":320,"column":1}}]},"31":{"line":321,"type":"if","locations":[{"start":{"line":321,"column":2},"end":{"line":321,"column":2}},{"start":{"line":321,"column":2},"end":{"line":321,"column":2}}]},"32":{"line":330,"type":"if","locations":[{"start":{"line":330,"column":1},"end":{"line":330,"column":1}},{"start":{"line":330,"column":1},"end":{"line":330,"column":1}}]},"33":{"line":348,"type":"if","locations":[{"start":{"line":348,"column":1},"end":{"line":348,"column":1}},{"start":{"line":348,"column":1},"end":{"line":348,"column":1}}]},"34":{"line":349,"type":"if","locations":[{"start":{"line":349,"column":2},"end":{"line":349,"column":2}},{"start":{"line":349,"column":2},"end":{"line":349,"column":2}}]},"35":{"line":367,"type":"if","locations":[{"start":{"line":367,"column":2},"end":{"line":367,"column":2}},{"start":{"line":367,"column":2},"end":{"line":367,"column":2}}]},"36":{"line":384,"type":"if","locations":[{"start":{"line":384,"column":1},"end":{"line":384,"column":1}},{"start":{"line":384,"column":1},"end":{"line":384,"column":1}}]},"37":{"line":391,"type":"cond-expr","locations":[{"start":{"line":391,"column":23},"end":{"line":391,"column":28}},{"start":{"line":391,"column":31},"end":{"line":391,"column":37}}]},"38":{"line":392,"type":"cond-expr","locations":[{"start":{"line":392,"column":21},"end":{"line":392,"column":41}},{"start":{"line":392,"column":44},"end":{"line":392,"column":56}}]},"39":{"line":399,"type":"if","locations":[{"start":{"line":399,"column":2},"end":{"line":399,"column":2}},{"start":{"line":399,"column":2},"end":{"line":399,"column":2}}]}},"code":["\"use strict\";","","/**"," *   Copyright 2013 Vimeo"," *"," *   Licensed under the Apache License, Version 2.0 (the \"License\");"," *   you may not use this file except in compliance with the License."," *   You may obtain a copy of the License at"," *"," *       http://www.apache.org/licenses/LICENSE-2.0"," *"," *   Unless required by applicable law or agreed to in writing, software"," *   distributed under the License is distributed on an \"AS IS\" BASIS,"," *   WITHOUT WARRANTIES OR CONDITIONS OF ANY KIND, either express or implied."," *   See the License for the specific language governing permissions and"," *   limitations under the License."," */","var qs_module = require('querystring');","var url_module = require('url');","var crypto_module = require('crypto');","var http_module = require('http');","var https_module = require('https');","var FileStreamer = require('./filestreamer');","","module.exports.request_defaults = {","\tprotocol : 'https:',","\thostname : 'api.vimeo.com',","\tport : 443,","\tmethod : 'GET',","\tquery : {},","\theaders : {","\t\tAccept: \"application/vnd.vimeo.*+json;version=3.2\",","\t\t'User-Agent': 'Vimeo.js/1.2.1'","\t}","};","","var auth_endpoints = module.exports.auth_endpoints = {","\tauthorization : '/oauth/authorize',","\taccessToken : '/oauth/access_token',","\tclientCredentials : '/oauth/authorize/client'","};","","/**"," * This object is used to interface with the vimeo api"," *"," * @param {string} client_id     OAuth 2 Client Identifier"," * @param {string} client_secret OAuth 2 Client Secret"," * @param (string) access_token  OAuth 2 Optional pre-authorized access token"," */","var Vimeo = module.exports.Vimeo = function Vimeo (client_id, client_secret, access_token) {","\tthis._client_id = client_id;","\tthis._client_secret = client_secret;","","\tif (access_token) {","\t\tthis.access_token = access_token;","\t}","};","","Vimeo.prototype._client_id = null;","Vimeo.prototype._client_secret = null;","Vimeo.prototype.access_token = null;","","/**"," * Performs an api call."," * Can be called one of two ways."," * 1. Url + Callback"," *     If a url is provided, we fill in the rest of the request options with defaults (GET http://api.vimeo.com/{url})."," *"," * 2. Options + callback"," *     If an object is provided, it should match the response of url_module.parse. Path is the only required parameter."," *"," *     hostname"," *     port"," *     query (will be applied to the url if GET, request body if POST)"," *     headers"," *     path (can include a querystring)"," *     method"," *"," * The callback takes two parameters, err and json."," * If an error has occured, your callback will be called as callback(err);"," * If an error has not occured, your callback will be called as callback(null, json);"," *"," * @param {String|Object} options string path (default GET), or object with path, host, port, query, headers"," * @param {Function} callback called when complete, function (err, json)"," */","Vimeo.prototype.request = function vimeo_request (options, callback) {","\tvar client = null;","","\t// if a url was provided, build an options object","\tif (typeof options === \"string\") {","\t\toptions = url_module.parse(options, true);","\t\toptions.method = \"GET\";","\t}","","\t// if we don't have a path at this point, error. a path is the only required field. we have defaults for everything else important","\tif (typeof options.path !== \"string\") {","\t\treturn callback(new Error('You must provide an api path'));","\t}","","\t// Add leading slash to path if missing","\tif (options.path.charAt(0) !== '/') {","\t\toptions.path = '/' + options.path;","\t}","","\t// Turn the provided options into options that are valid for client.request","\tvar request_options = this._buildRequestOptions(options);","","\t// Locate the proper client from the request protocol","\tclient = request_options.protocol === 'https:' ? https_module : http_module;","","\t// Write the request body","\tif (['POST','PATCH','PUT','DELETE'].indexOf(request_options.method) !== -1) {","\t\tif (request_options.headers['Content-Type'] === 'application/json') {","\t\t\trequest_options.body = JSON.stringify(options.query);","\t\t} else {","\t\t\trequest_options.body = qs_module.stringify(options.query);","\t\t}","","\t\tif (request_options.body) {","\t\t\trequest_options.headers['Content-Length'] = Buffer.byteLength(request_options.body, 'utf8');","\t\t} else {","\t\t\trequest_options.headers['Content-Length'] = 0;","\t\t}","\t}","","\t// Perform the vimeo api request","\tvar req = client.request(request_options, this._handleRequest(callback));","","\t// Write the request body","\tif (request_options.body) {","\t\treq.write(request_options.body);","\t}","","\t// notify user of any weird connection/request errors","\treq.on('error', function(e) {","\t\tcallback(e);","\t});","","\t// send the request","\treq.end();","};","","/**"," * Creates the standard request handler for http requests"," *"," * @param  {Function} callback"," * @return {Function}"," */","Vimeo.prototype._handleRequest = function (callback) {","\treturn function (res) {","\t\tres.setEncoding('utf8');","","\t\tvar buffer = '';","","\t\tres.on('readable', function () {","\t\t\tbuffer += res.read() || '';","\t\t});","","\t\tif (res.statusCode >= 400) {","\t\t\t// failed api calls should wait for the response to end and then call the callback with an error.","\t\t\tres.on('end', function () {","\t\t\t\tvar err = new Error(buffer);","\t\t\t\tcallback(err, buffer, res.statusCode, res.headers);","\t\t\t});","\t\t} else {","\t\t\t// successful api calls should wait for the response to end and then call the callback with the response body","\t\t\tres.on('end', function () {","\t\t\t\ttry {","\t\t\t\t\tvar body = buffer.length ? JSON.parse(buffer) : {};","\t\t\t\t} catch (e) {","\t\t\t\t\treturn callback(buffer, buffer, res.statusCode, res.headers);","\t\t\t\t}","\t\t\t\tcallback(null, body, res.statusCode, res.headers);","\t\t\t});","\t\t}","\t};","};","","/**"," * Merge the request options defaults into the request options"," *"," * @param  {Object} options"," * @return {Object}"," */","Vimeo.prototype._buildRequestOptions = function (options) {","\t// set up the request object. we always use the options paramter first, and if no value is provided we fall back to request defaults","\tvar request_options = this._applyDefaultRequestOptions(options);","","\t// Apply the access tokens","\tif (this.access_token) {","\t\trequest_options.headers.Authorization = 'Bearer ' + this.access_token;","\t} else if (this._client_id && this._client_secret) {","\t\trequest_options.headers.Authorization = 'Basic ' + new Buffer(this._client_id + ':' + this._client_secret).toString('base64');","\t}","","\t// Set proper headers for POST, PATCH and PUT bodies","\tif (['POST','PATCH','PUT','DELETE'].indexOf(request_options.method) !== -1 && !request_options.headers['Content-Type']) {","\t\trequest_options.headers['Content-Type'] = 'application/json';","","\t// Apply parameters to the url for GET requests","\t} else if (request_options.method === 'GET') {","\t\trequest_options.path = this._applyQuerystringParams(request_options, options);","\t}","","\treturn request_options;","}","","/**"," * Create an object of request options based on the provided list of options, and the request defaults."," *"," * @param  {Object} options"," * @return {Object}"," */","Vimeo.prototype._applyDefaultRequestOptions = function (options) {","\tvar request_options = {","\t\tprotocol : options.protocol || module.exports.request_defaults.protocol,","\t\thost : options.hostname || module.exports.request_defaults.hostname,","\t\tport : options.port || module.exports.request_defaults.port,","\t\tmethod : options.method || module.exports.request_defaults.method,","\t\theaders : options.headers || {},","\t\tbody : '',","\t\tpath : options.path","\t};","\tvar key = null;","","\t// Apply the default headers","\tif (module.exports.request_defaults.headers) {","\t\tfor (key in module.exports.request_defaults.headers) {","\t\t\tif (!request_options.headers[key]) {","\t\t\t\trequest_options.headers[key] = module.exports.request_defaults.headers[key];","\t\t\t}","\t\t}","\t}","","\treturn request_options;","}","","/**"," * Apply the query parameter onto the final request url"," *"," * @param  {Object} request_options"," * @param  {Object} options"," * @return {String}"," */","Vimeo.prototype._applyQuerystringParams = function (request_options, options) {","\tvar querystring = '';","","\tif (!options.query) {","\t\treturn request_options.path;","\t}","","\t// If we have parameters, apply them to the url","\tif (Object.keys(options.query).length) {","\t\tif (request_options.path.indexOf('?') < 0) {","\t\t\t// If the existing path does not contain any parameters, apply them as the only options","\t\t\tquerystring = '?' + qs_module.stringify(options.query);","\t\t} else {","\t\t\t// If the user already added parameters to the url, we want to add them as additional parameters","\t\t\tquerystring = '&' + qs_module.stringify(options.query);","\t\t}","\t}","","\treturn request_options.path + querystring;","}","","","/**"," * Exchange a code for an access token. This code should exist on your redirect_uri"," *"," * @param  {String} code the code provided on your redirect_uri"," * @param  {String} redirect_uri the exact redirect_uri provided to buildAuthorizationEndpoint and configured in your api app set
[...]
rt":{"line":230,"column":4},"end":{"line":230,"column":36}}},"22":{"name":"(anonymous_22)","line":249,"loc":{"start":{"line":249,"column":50},"end":{"line":249,"column":79}}},"23":{"name":"(anonymous_23)","line":263,"loc":{"start":{"line":263,"column":20},"end":{"line":263,"column":35}}},"24":{"name":"(anonymous_24)","line":267,"loc":{"start":{"line":267,"column":21},"end":{"line":267,"column":33}}},"25":{"name":"(anonymous_25)","line":273,"loc":{"start":{"line":273,"column":17},"end":{"line":273,"column":29}}},"26":{"name":"(anonymous_26)","line":278,"loc":{"start":{"line":278,"column":17},"end":{"line":278,"column":29}}},"27":{"name":"(anonymous_27)","line":285,"loc":{"start":{"line":285,"column":17},"end":{"line":285,"column":29}}}},"statementMap":{"1":{"start":{"line":19,"column":0},"end":{"line":19,"column":32}},"2":{"start":{"line":20,"column":0},"end":{"line":20,"column":30}},"3":{"start":{"line":21,"column":0},"end":{"line":21,"column":36}},"4":{"start":{"line":22,"column":0},"end":{"line":22,"column":34}},"5":{"start":{"line":30,"column":0},"end":{"line":42,"column":1}},"6":{"start":{"line":31,"column":1},"end":{"line":33,"column":2}},"7":{"start":{"line":32,"column":2},"end":{"line":32,"column":50}},"8":{"start":{"line":35,"column":1},"end":{"line":37,"column":2}},"9":{"start":{"line":36,"column":2},"end":{"line":36,"column":57}},"10":{"start":{"line":39,"column":1},"end":{"line":39,"column":52}},"11":{"start":{"line":40,"column":1},"end":{"line":40,"column":24}},"12":{"start":{"line":41,"column":1},"end":{"line":41,"column":44}},"13":{"start":{"line":44,"column":0},"end":{"line":44,"column":40}},"14":{"start":{"line":45,"column":0},"end":{"line":45,"column":36}},"15":{"start":{"line":46,"column":0},"end":{"line":46,"column":34}},"16":{"start":{"line":47,"column":0},"end":{"line":47,"column":38}},"17":{"start":{"line":48,"column":0},"end":{"line":48,"column":38}},"18":{"start":{"line":49,"column":0},"end":{"line":49,"column":41}},"19":{"start":{"line":50,"column":0},"end":{"line":50,"column":48}},"20":{"start":{"line":55,"column":0},"end":{"line":59,"column":2}},"21":{"start":{"line":56,"column":1},"end":{"line":58,"column":2}},"22":{"start":{"line":57,"column":2},"end":{"line":57,"column":7}},"23":{"start":{"line":67,"column":0},"end":{"line":87,"column":2}},"24":{"start":{"line":68,"column":1},"end":{"line":68,"column":18}},"25":{"start":{"line":71,"column":1},"end":{"line":86,"column":4}},"26":{"start":{"line":72,"column":2},"end":{"line":76,"column":3}},"27":{"start":{"line":74,"column":3},"end":{"line":74,"column":22}},"28":{"start":{"line":75,"column":3},"end":{"line":75,"column":28}},"29":{"start":{"line":78,"column":2},"end":{"line":85,"column":3}},"30":{"start":{"line":80,"column":3},"end":{"line":80,"column":21}},"31":{"start":{"line":81,"column":3},"end":{"line":81,"column":23}},"32":{"start":{"line":84,"column":3},"end":{"line":84,"column":29}},"33":{"start":{"line":94,"column":0},"end":{"line":96,"column":2}},"34":{"start":{"line":95,"column":1},"end":{"line":95,"column":23}},"35":{"start":{"line":104,"column":0},"end":{"line":108,"column":2}},"36":{"start":{"line":105,"column":1},"end":{"line":107,"column":2}},"37":{"start":{"line":106,"column":2},"end":{"line":106,"column":12}},"38":{"start":{"line":115,"column":0},"end":{"line":117,"column":2}},"39":{"start":{"line":116,"column":1},"end":{"line":116,"column":18}},"40":{"start":{"line":122,"column":0},"end":{"line":141,"column":2}},"41":{"start":{"line":123,"column":1},"end":{"line":123,"column":18}},"42":{"start":{"line":125,"column":1},"end":{"line":140,"column":4}},"43":{"start":{"line":126,"column":2},"end":{"line":128,"column":3}},"44":{"start":{"line":127,"column":3},"end":{"line":127,"column":33}},"45":{"start":{"line":130,"column":2},"end":{"line":130,"column":32}},"46":{"start":{"line":132,"column":2},"end":{"line":139,"column":5}},"47":{"start":{"line":133,"column":3},"end":{"line":135,"column":4}},"48":{"start":{"line":134,"column":4},"end":{"line":134,"column":33}},"49":{"start":{"line":137,"column":3},"end":{"line":137,"column":18}},"50":{"start":{"line":138,"column":3},"end":{"line":138,"column":25}},"51":{"start":{"line":148,"column":0},"end":{"line":160,"column":2}},"52":{"start":{"line":149,"column":1},"end":{"line":149,"column":18}},"53":{"start":{"line":150,"column":1},"end":{"line":159,"column":4}},"54":{"start":{"line":153,"column":2},"end":{"line":156,"column":3}},"55":{"start":{"line":154,"column":3},"end":{"line":154,"column":22}},"56":{"start":{"line":155,"column":3},"end":{"line":155,"column":32}},"57":{"start":{"line":158,"column":2},"end":{"line":158,"column":17}},"58":{"start":{"line":168,"column":0},"end":{"line":201,"column":2}},"59":{"start":{"line":169,"column":1},"end":{"line":169,"column":18}},"60":{"start":{"line":171,"column":1},"end":{"line":173,"column":4}},"61":{"start":{"line":175,"column":1},"end":{"line":177,"column":4}},"62":{"start":{"line":176,"column":2},"end":{"line":176,"column":16}},"63":{"start":{"line":179,"column":1},"end":{"line":179,"column":32}},"64":{"start":{"line":181,"column":1},"end":{"line":186,"column":4}},"65":{"start":{"line":182,"column":2},"end":{"line":182,"column":37}},"66":{"start":{"line":183,"column":2},"end":{"line":185,"column":3}},"67":{"start":{"line":184,"column":3},"end":{"line":184,"column":60}},"68":{"start":{"line":188,"column":1},"end":{"line":191,"column":3}},"69":{"start":{"line":193,"column":1},"end":{"line":193,"column":95}},"70":{"start":{"line":195,"column":1},"end":{"line":198,"column":14}},"71":{"start":{"line":200,"column":1},"end":{"line":200,"column":16}},"72":{"start":{"line":206,"column":0},"end":{"line":215,"column":2}},"73":{"start":{"line":207,"column":1},"end":{"line":214,"column":2}},"74":{"start":{"line":208,"column":2},"end":{"line":212,"column":5}},"75":{"start":{"line":209,"column":3},"end":{"line":211,"column":4}},"76":{"start":{"line":210,"column":4},"end":{"line":210,"column":27}},"77":{"start":{"line":213,"column":2},"end":{"line":213,"column":18}},"78":{"start":{"line":221,"column":0},"end":{"line":241,"column":2}},"79":{"start":{"line":222,"column":1},"end":{"line":222,"column":18}},"80":{"start":{"line":224,"column":1},"end":{"line":240,"column":10}},"81":{"start":{"line":231,"column":2},"end":{"line":233,"column":3}},"82":{"start":{"line":232,"column":3},"end":{"line":232,"column":20}},"83":{"start":{"line":235,"column":2},"end":{"line":239,"column":3}},"84":{"start":{"line":236,"column":3},"end":{"line":236,"column":60}},"85":{"start":{"line":238,"column":3},"end":{"line":238,"column":93}},"86":{"start":{"line":249,"column":0},"end":{"line":290,"column":2}},"87":{"start":{"line":250,"column":1},"end":{"line":258,"column":3}},"88":{"start":{"line":260,"column":1},"end":{"line":260,"column":81}},"89":{"start":{"line":261,"column":1},"end":{"line":261,"column":43}},"90":{"start":{"line":263,"column":1},"end":{"line":282,"column":4}},"91":{"start":{"line":264,"column":2},"end":{"line":264,"column":26}},"92":{"start":{"line":266,"column":2},"end":{"line":266,"column":18}},"93":{"start":{"line":267,"column":2},"end":{"line":269,"column":5}},"94":{"start":{"line":268,"column":3},"end":{"line":268,"column":24}},"95":{"start":{"line":271,"column":2},"end":{"line":281,"column":3}},"96":{"start":{"line":273,"column":3},"end":{"line":275,"column":6}},"97":{"start":{"line":274,"column":4},"end":{"line":274,"column":73}},"98":{"start":{"line":278,"column":3},"end":{"line":280,"column":6}},"99":{"start":{"line":279,"column":4},"end":{"line":279,"column":48}},"100":{"start":{"line":285,"column":1},"end":{"line":287,"column":4}},"101":{"start":{"line":286,"column":2},"end":{"line":286,"column":14}},"102":{"start":{"line":289,"column":1},"end":{"line":289,"column":12}}},"branchMap":{"1":{"line":31,"type":"if","locations":[{"start":{"line":31,"column":1},"end":{"line":31,"column":1}},{"start":{"line":31,"column":1},"end":{"line":31,"column":1}}]},"2":{"line":35,"type":"if","locations":[{"start":{"line":35,"column":1},"end":{"line":35,"column":1}},{"start":{"line":35,"column":1},"end":{"line":35,"column":1}}]},"3":{"line":72,"type":"if","locations":[{"start":{"line":72,"column":2},"end":{"line":72,"column":2}},{"start":{"line":72,"column":2},"end":{"line":72,"column":2}}]},"4":{"line":78,"type":"if","locations":[{"start":{"line":78,"column":2},"end":{"line":78,"column":2}},{"start":{"line":78,"column":2},"end":{"line":78,"column":2}}]},"5":{"line":126,"type":"if","locations":[{"start":{"line":126,"column":2},"end":{"line":126,"column":2}},{"start":{"line":126,"column":2},"end":{"line":126,"column":2}}]},"6":{"line":133,"type":"if","locations":[{"start":{"line":133,"column":3},"end":{"line":133,"column":3}},{"start":{"line":133,"column":3},"end":{"line":133,"column":3}}]},"7":{"line":153,"type":"if","locations":[{"start":{"line":153,"column":2},"end":{"line":153,"column":2}},{"start":{"line":153,"column":2},"end":{"line":153,"column":2}}]},"8":{"line":153,"type":"binary-expr","locations":[{"start":{"line":153,"column":6},"end":{"line":153,"column":13}},{"start":{"line":153,"column":17},"end":{"line":153,"column":21}}]},"9":{"line":179,"type":"binary-expr","locations":[{"start":{"line":179,"column":21},"end":{"line":179,"column":26}},{"start":{"line":179,"column":30},"end":{"line":179,"column":31}}]},"10":{"line":182,"type":"binary-expr","locations":[{"start":{"line":182,"column":19},"end":{"line":182,"column":31}},{"start":{"line":182,"column":35},"end":{"line":182,"column":36}}]},"11":{"line":183,"type":"if","locations":[{"start":{"line":183,"column":2},"end":{"line":183,"column":2}},{"start":{"line":183,"column":2},"end":{"line":183,"column":2}}]},"12":{"line":207,"type":"if","locations":[{"start":{"line":207,"column":1},"end":{"line":207,"column":1}},{"start":{"line":207,"column":1},"end":{"line":207,"column":1}}]},"13":{"line":209,"type":"if","locations":[{"start":{"line":209,"column":3},"end":{"line":209,"column":3}},{"start":{"line":209,"column":3},"end":{"line":209,"column":3}}]},"14":{"line":231,"type":"if","locations":[{"start":{"line":231,"column":2},"end":{"line":231,"column":2}},{"start":{"line":231,"column":2},"end":{"line":231,"column":2}}]},"15":{"line":235,"type":"if","locations":[{"start":{"line":235,"column":2},"end":{"line":235,"column":2}},{"start":{"line":235,"column":2},"end":{"line":235,"column":2}}]},"16":{"line":260,"type":"cond-expr","locations":[{"start":{"line":260,"column":54},"end":{"line":260,"column":66}},{"start":{"line":260,"column":69},"end":{"line":260,"column":80}}]},"17":{"line":271,"type":"if","locations":[{"start":{"line":271,"column":2},"end":{"line":271,"column":2}},{"start":{"line":271,"column":2},"end":{"line":271,"column":2}}]}},"code":["\"use strict\";","","/**"," *   Copyright 2013 Vimeo"," *"," *   Licensed under the Apache License, Version 2.0 (the \"License\");"," *   you may not use this file except in compliance with the License."," *   You may obtain a copy of the License at"," *"," *       http://www.apache.org/licenses/LICENSE-2.0"," *"," *   Unless required by applicable law or agreed to in writing, software"," *   distributed under the License is distributed on an \"AS IS\" BASIS,"," *   WITHOUT WARRANTIES OR CONDITIONS OF ANY KIND, either express or implied."," *   See the License for the specific language governing permissions and"," *   limitations under the License."," */","","var url_module = require('url');","var fs_module = require('fs');","var https_module = require('https');","var http_module = require('http');","","/**"," * This object facilitates resumable uploading"," * "," * @param {string} file_path       Path to the video file"," * @param {string} upload_endpoint upload URL provided with an upload ticket"," */","var FileStreamer = module.exports = function FileStreamer(file_path, upload_endpoint, progress_callback) {","\tif (!file_path) {","\t\tthrow new Error('You must provide a file path');","\t}","","\tif (!upload_endpoint) {","\t\tthrow new Error('You must provide an upload endpoint');","\t}","","\tthis._endpoint = url_module.parse(upload_endpoint);","\tthis._path = file_path;","\tthis.progress_callback = progress_callback;","}","","FileStreamer.prototype._endpoint = null;","FileStreamer.prototype._path = null;","FileStreamer.prototype._fd = null;","FileStreamer.prototype._file_size = 0;","FileStreamer.prototype.percentage = 0;","FileStreamer.prototype.sequential = true;","FileStreamer.prototype.progress_callback = null;","","/**"," * Holds the user defined ready function. Do not call this outside of the library"," */","FileStreamer.prototype._user_ready = function () {","\tthis.ready = function (fn) {","\t\tfn();","\t}","};","","/**"," * Called internally whenever the upload might be complete. "," * If the upload is complete it will call _user_ready, if not it will attempt to upload from where it left off."," *"," * Do not call this outside of the library."," */","FileStreamer.prototype._ready = function () {","\tvar _self = this;","","\t// If we think we are ready to complete, check with the server and see if they have the whole file","\tthis._getNewStart(function (err, start) {","\t\tif (err) {","\t\t\t// If the check fails, close the file and error out immediately","\t\t\t_self._closeFile();","\t\t\treturn _self._error(err);","\t\t}","","\t\tif (start >= _self._file_size) {","\t\t\t// If the server says they have the whole file, close it and then return back to the user","\t\t\t_self._closeFile()","\t\t\t_self._user_ready();","\t\t} else {","\t\t\t// If the server does not have the whole file, upload from where we left off","\t\t\t_self._streamChunk(start);","\t\t}","\t});","};","","/**"," * Assign a callback to be called whenever the file is done uploading."," * "," * @param  {Function} fn The ready callback"," */","FileStreamer.prototype.ready = function (fn) {","\tthis._user_ready = fn;","};","","/**"," * Holds the error callback. Do not call this outside of the library"," * "," * @param  {Error} error The error that was thrown"," * @return {[type]}       [description]"," */","FileStreamer.prototype._error = function (error) {","\tthis.error = function (fn) {","\t\tfn(error);","\t}","};","","/**"," * Assign a callback to be called whenever an error occurs."," * "," * @param  {Function} fn The error callback"," */","FileStreamer.prototype.error = function (fn) {","\tthis._error = fn;","};","","/**"," * Start uploading the file"," */","FileStreamer.prototype.upload = function () {","\tvar _self = this;","","\tfs_module.stat(_self._path, function (stat_err, stats) {","\t\tif (stat_err) {","\t\t\treturn _self._error(stat_err);","\t\t}","","\t\t_self._file_size = stats.size;","","\t\tfs_module.open(_self._path, 'r', function(open_err, fd) {","\t\t\tif (open_err) {","\t\t\t\treturn this._error(open_err);","\t\t\t}","","\t\t\t_self._fd = fd;","\t\t\t_self._streamChunk(0);","\t\t});","\t});","};","","/**"," * Send a file chunk, starting at byte [start] and ending at the end of the file"," * "," * @param  {Number} start"," */","FileStreamer.prototype._streamChunk = function (start) {","\tvar _self = this;","\t_self._putFile(start, function (put_err, code, headers) {","","\t\t// Catches a rare vimeo server bug and exits out early","\t\tif (put_err && code) {","\t\t\t_self._closeFile();","\t\t\treturn _self._error(put_err);","\t\t}","","\t\t_self._ready();","\t});","};","","/**"," * Make the HTTP put request sending a part of a file up to the upload server"," * "," * @param  {Number}   start    The first byte of the file"," * @param  {Function} callback A function which is called once the upload is complete, or has failed"," */","FileStreamer.prototype._putFile = function (start, callback) {","\tvar _self = this;","","\tvar file = fs_module.createReadStream(_self._path, {","\t\tstart : start","\t});","","\tfile.on('error', function (err) {","\t\tcallback(err);","\t});","\t","\tvar uploaded_size = start || 0;","","\tfile.on('data', function(chunk) {","\t\tuploaded_size += chunk.length || 0;","\t\tif (_self.progress_callback) {","\t\t\t_self.progress_callback(uploaded_size, _self._file_size);","\t\t}","\t});","\t","\tvar headers =  {","\t\t'Content-Length' : _self._file_size,","\t\t'Content-Type' : 'video/mp4'","\t};","","\theaders['Content-Range'] = 'bytes ' + start + '-' + _self._file_size + '/' + _self._file_size;","","\tvar req = _self._upload_endpoint_request({","\t\tmethod : 'PUT',","\t\theaders : headers","\t}, callback);","","\tfile.pipe(req);","};","","/**"," * Close the file"," */","FileStreamer.prototype._closeFile = function () {","\tif (this._fd) {","\t\tfs_module.close(this._fd, function (close_err) {","\t\t\tif (close_err) {","\t\t\t\tthis._error(close_err);","\t\t\t}","\t\t});","\t\tthis._fd = null;","\t}","};","","/**"," * Verify the file upload and determine the last most byte the server has received"," * @param  {Function} next A callback that will be called when the check is complete, or has errored"," */","FileStreamer.prototype._getNewStart = function (next) {","\tvar _self = this;","","\tthis._upload_endpoint_request({","\t\tmethod : 'PUT',","\t\theaders : {","\t\t\t'Content-Range' : 'bytes */*',","\t\t\t'Content-Type' : 'application/octet-stream'","\t\t}","\t}, function (err, status, headers) {","\t\tif (err) {","\t\t\treturn next(err);","\t\t}","","\t\tif (status === 308) {","\t\t\treturn next(null, parseInt(headers.range.split('-')[1]));","\t\t} else {","\t\t\treturn next(new Error('Invalid http status returned from range query: [' + status + ']'));","\t\t}","\t}).end();","};","","/**"," * Makes an http request to the upload server, and sends the response through the callback"," * "," * @param  {Object}   options  Request options, pumped into https.request(options);"," * @param  {Function} callback Called when the upload is complete, or has failed"," */","FileStreamer.prototype._upload_endpoint_request = function (options, callback) {","\tvar request_options = {","\t\tprotocol : this._endpoint.protocol,","\t\thost : this._endpoint.hostname,","\t\tport : this._endpoint.port,","\t\tquery : this._endpoint.query,","\t\theaders : options.headers,","\t\tpath : this._endpoint.path,","\t\tmethod : options.method","\t};","","\tvar client = request_options.protocol === 'https:' ? https_module : http_module;","\tvar req = client.request(request_options);","","\treq.on('response', function (res) {","\t\tres.setEncoding('utf8');","","\t\tvar buffer = '';","\t\tres.on('readable', function () {","\t\t\tbuffer += res.read();","\t\t});","","\t\tif (res.statusCode > 399) {","\t\t\t// failed api calls should wait for the response to end and then call the callback with an error.","\t\t\tres.on('end', function () {","\t\t\t\tcallback(new Error('[' + buffer + ']'), res.statusCode, res.headers);","\t\t\t});","\t\t} else {","\t\t\t// successful api calls should wait for the response to end and then call the callback with the response body","\t\t\tres.on('end', function () {","\t\t\t\tcallback(null, res.statusCode, res.headers);","\t\t\t});","\t\t}","\t});","","\t// notify user of any weird connection/request errors","\treq.on('error', function(e) {","\t\tcallback(e);","\t});","","\treturn req;","};",""],"l":{"19":1,"20":1,"21":1,"22":1,"30":1,"31":0,"32":0,"35":0,"36":0,"39":0,"40":0,"41":0,"44":1,"45":1,"46":1,"47":1,"48":1,"49":1,"50":1,"55":1,"56":0,"57":0,"67":1,"68":0,"71":0,"72":0,"74":0,"75":0,"78":0,"80":0,"81":0,"84":0,"94":1,"95":0,"104":1,"105":0,"106":0,"115":1,"116":0,"122":1,"123":0,"125":0,"126":0,"127":0,"130":0,"132":0,"133":0,"134":0,"137":0,"138":0,"148":1,"149":0,"150":0,"153":0,"154":0,"155":0,"158":0,"168":1,"169":0,"171":0,"175":0,"176":0,"179":0,"181":0,"182":0,"183":0,"184":0,"188":0,"193":0,"195":0,"200":0,"206":1,"207":0,"208":0,"209":0,"210":0,"213":0,"221":1,"222":0,"224":0,"231":0,"232":0,"235":0,"236":0,"238":0,"249":1,"250":0,"260":0,"261":0,"263":0,"264":0,"266":0,"267":0,"268":0,"271":0,"273":0,"274":0,"278":0,"279":0,"285":0,"286":0,"289":0}}}